2024-01-22 08:38:12,922 - INFO - Anexo baixado do e-mail "COCIL Home Center" <nfe01@cocil.com.br>: 633037_1_1.PDF em: C:/Users/elton.santos/Desktop/backup\_COCIL Home Center_ _nfe01@cocil.com.br_\2024\Janeiro
2024-01-22 08:38:12,923 - INFO - Anexo baixado do e-mail "COCIL Home Center" <nfe01@cocil.com.br>: 13210304386041000119550010006330371139608086-nfe.XML em: C:/Users/elton.santos/Desktop/backup\_COCIL Home Center_ _nfe01@cocil.com.br_\2024\Janeiro
2024-01-22 08:38:12,923 - INFO - Anexo(s) baixado(s) do e-mail "COCIL Home Center" <nfe01@cocil.com.br>: ['633037_1_1.PDF', '13210304386041000119550010006330371139608086-nfe.XML'] em: C:/Users/elton.santos/Desktop/backup\_COCIL Home Center_ _nfe01@cocil.com.br_\2024\Janeiro
2024-01-22 08:39:20,188 - INFO - Anexo(s) baixado(s) do e-mail MEGA <noreply@mega.nz>: [None, None, None, None] em: C:/Users/elton.santos/Desktop/backup\MEGA _noreply@mega.nz_\2024\Janeiro
2024-01-22 08:39:27,753 - INFO - Anexo baixado do e-mail "COCIL Home Center" <nfe01@cocil.com.br>: 636953_1_1.PDF em: C:/Users/elton.santos/Desktop/backup\_COCIL Home Center_ _nfe01@cocil.com.br_\2024\Janeiro
2024-01-22 08:39:27,753 - INFO - Anexo baixado do e-mail "COCIL Home Center" <nfe01@cocil.com.br>: 13210304386041000119550010006369531140447712-nfe.XML em: C:/Users/elton.santos/Desktop/backup\_COCIL Home Center_ _nfe01@cocil.com.br_\2024\Janeiro
2024-01-22 08:39:27,753 - INFO - Anexo(s) baixado(s) do e-mail "COCIL Home Center" <nfe01@cocil.com.br>: ['636953_1_1.PDF', '13210304386041000119550010006369531140447712-nfe.XML'] em: C:/Users/elton.santos/Desktop/backup\_COCIL Home Center_ _nfe01@cocil.com.br_\2024\Janeiro
2024-01-22 08:39:56,871 - INFO - Anexo baixado do e-mail Elton <suporte03@cocil.com.br>: invite.ics em: C:/Users/elton.santos/Desktop/backup\Elton _suporte03@cocil.com.br_\2024\Janeiro
2024-01-22 08:39:56,871 - INFO - Anexo(s) baixado(s) do e-mail Elton <suporte03@cocil.com.br>: ['invite.ics'] em: C:/Users/elton.santos/Desktop/backup\Elton _suporte03@cocil.com.br_\2024\Janeiro
2024-01-22 08:39:57,328 - INFO - Anexo baixado do e-mail Elton <suporte03@cocil.com.br>: invite.ics em: C:/Users/elton.santos/Desktop/backup\Elton _suporte03@cocil.com.br_\2024\Janeiro
2024-01-22 08:39:57,328 - INFO - Anexo(s) baixado(s) do e-mail Elton <suporte03@cocil.com.br>: ['invite.ics'] em: C:/Users/elton.santos/Desktop/backup\Elton _suporte03@cocil.com.br_\2024\Janeiro
2024-01-22 08:39:57,810 - INFO - Anexo baixado do e-mail Elton <suporte03@cocil.com.br>: invite.ics em: C:/Users/elton.santos/Desktop/backup\Elton _suporte03@cocil.com.br_\2024\Janeiro
2024-01-22 08:39:57,810 - INFO - Anexo(s) baixado(s) do e-mail Elton <suporte03@cocil.com.br>: ['invite.ics'] em: C:/Users/elton.santos/Desktop/backup\Elton _suporte03@cocil.com.br_\2024\Janeiro
2024-01-22 08:39:58,310 - INFO - Anexo baixado do e-mail Elton <suporte03@cocil.com.br>: invite.ics em: C:/Users/elton.santos/Desktop/backup\Elton _suporte03@cocil.com.br_\2024\Janeiro
2024-01-22 08:39:58,310 - INFO - Anexo(s) baixado(s) do e-mail Elton <suporte03@cocil.com.br>: ['invite.ics'] em: C:/Users/elton.santos/Desktop/backup\Elton _suporte03@cocil.com.br_\2024\Janeiro
2024-01-22 08:41:16,396 - INFO - Anexo baixado do e-mail OneDrive <photos@onedrive.com>: bd3cc70d-130d-49a5-9fa1-ead8959b0eae em: C:/Users/elton.santos/Desktop/backup\OneDrive _photos@onedrive.com_\2024\Janeiro
2024-01-22 08:41:16,397 - INFO - Anexo baixado do e-mail OneDrive <photos@onedrive.com>: 021381c0-3a7f-4d3f-93fe-4c88942f16ea em: C:/Users/elton.santos/Desktop/backup\OneDrive _photos@onedrive.com_\2024\Janeiro
2024-01-22 08:41:16,397 - INFO - Anexo baixado do e-mail OneDrive <photos@onedrive.com>: 6821cb05-82b0-4364-abb0-e18a7889901d em: C:/Users/elton.santos/Desktop/backup\OneDrive _photos@onedrive.com_\2024\Janeiro
2024-01-22 08:41:16,397 - INFO - Anexo(s) baixado(s) do e-mail OneDrive <photos@onedrive.com>: ['bd3cc70d-130d-49a5-9fa1-ead8959b0eae', '021381c0-3a7f-4d3f-93fe-4c88942f16ea', '6821cb05-82b0-4364-abb0-e18a7889901d'] em: C:/Users/elton.santos/Desktop/backup\OneDrive _photos@onedrive.com_\2024\Janeiro
2024-01-22 08:41:23,680 - INFO - Anexo baixado do e-mail "Paschoalotto (amigavelcartoes@paschoalotto.com.br)" <contato@m19.entregademensagens.com>: Boleto_ELTON.pdf em: C:/Users/elton.santos/Desktop/backup\_Paschoalotto (amigavelcartoes@paschoalotto.com.br)_ _contato@m19.entregademensagens.com_\2024\Janeiro
2024-01-22 08:41:23,680 - INFO - Anexo(s) baixado(s) do e-mail "Paschoalotto (amigavelcartoes@paschoalotto.com.br)" <contato@m19.entregademensagens.com>: ['Boleto_ELTON.pdf'] em: C:/Users/elton.santos/Desktop/backup\_Paschoalotto (amigavelcartoes@paschoalotto.com.br)_ _contato@m19.entregademensagens.com_\2024\Janeiro
2024-01-22 08:41:24,907 - INFO - Anexo baixado do e-mail "Paschoalotto (amigavelcartoes@paschoalotto.com.br)" <contato@m14.servicodemensagens.com>: Boleto_ELTON.pdf em: C:/Users/elton.santos/Desktop/backup\_Paschoalotto (amigavelcartoes@paschoalotto.com.br)_ _contato@m14.servicodemensagens.com_\2024\Janeiro
2024-01-22 08:41:24,907 - INFO - Anexo(s) baixado(s) do e-mail "Paschoalotto (amigavelcartoes@paschoalotto.com.br)" <contato@m14.servicodemensagens.com>: ['Boleto_ELTON.pdf'] em: C:/Users/elton.santos/Desktop/backup\_Paschoalotto (amigavelcartoes@paschoalotto.com.br)_ _contato@m14.servicodemensagens.com_\2024\Janeiro
2024-01-22 08:41:35,847 - INFO - Anexo baixado do e-mail OneDrive <photos@onedrive.com>: 09ff97b3-70e3-4fce-ac77-6e3d3eb1b92a em: C:/Users/elton.santos/Desktop/backup\OneDrive _photos@onedrive.com_\2024\Janeiro
2024-01-22 08:41:35,848 - INFO - Anexo baixado do e-mail OneDrive <photos@onedrive.com>: cbd308b3-1444-431f-9aa3-d9dca568a099 em: C:/Users/elton.santos/Desktop/backup\OneDrive _photos@onedrive.com_\2024\Janeiro
2024-01-22 08:41:35,848 - INFO - Anexo baixado do e-mail OneDrive <photos@onedrive.com>: 0fe6c163-63c6-4f45-b483-992e4d9cfc7f em: C:/Users/elton.santos/Desktop/backup\OneDrive _photos@onedrive.com_\2024\Janeiro
2024-01-22 08:41:35,848 - INFO - Anexo(s) baixado(s) do e-mail OneDrive <photos@onedrive.com>: ['09ff97b3-70e3-4fce-ac77-6e3d3eb1b92a', 'cbd308b3-1444-431f-9aa3-d9dca568a099', '0fe6c163-63c6-4f45-b483-992e4d9cfc7f'] em: C:/Users/elton.santos/Desktop/backup\OneDrive _photos@onedrive.com_\2024\Janeiro
2024-01-22 08:41:38,562 - INFO - Anexo baixado do e-mail Nubank <todomundo@nubank.com.br>: Nubank_2023-07-16.pdf em: C:/Users/elton.santos/Desktop/backup\Nubank _todomundo@nubank.com.br_\2024\Janeiro
2024-01-22 08:41:38,562 - INFO - Anexo(s) baixado(s) do e-mail Nubank <todomundo@nubank.com.br>: ['Nubank_2023-07-16.pdf'] em: C:/Users/elton.santos/Desktop/backup\Nubank _todomundo@nubank.com.br_\2024\Janeiro
2024-01-22 08:42:01,933 - INFO - Anexo baixado do e-mail "Paschoalotto (amigavelcartoes@paschoalotto.com.br)" <contato@m14.servicodemensagens.com>: Boleto_ELTON.pdf em: C:/Users/elton.santos/Desktop/backup\_Paschoalotto (amigavelcartoes@paschoalotto.com.br)_ _contato@m14.servicodemensagens.com_\2024\Janeiro
2024-01-22 08:42:01,934 - INFO - Anexo(s) baixado(s) do e-mail "Paschoalotto (amigavelcartoes@paschoalotto.com.br)" <contato@m14.servicodemensagens.com>: ['Boleto_ELTON.pdf'] em: C:/Users/elton.santos/Desktop/backup\_Paschoalotto (amigavelcartoes@paschoalotto.com.br)_ _contato@m14.servicodemensagens.com_\2024\Janeiro
2024-01-22 08:42:03,161 - INFO - Anexo baixado do e-mail "Paschoalotto (amigavelcartoes@paschoalotto.com.br)" <contato@m19.entregademensagens.com>: Boleto_ELTON.pdf em: C:/Users/elton.santos/Desktop/backup\_Paschoalotto (amigavelcartoes@paschoalotto.com.br)_ _contato@m19.entregademensagens.com_\2024\Janeiro
2024-01-22 08:42:03,162 - INFO - Anexo(s) baixado(s) do e-mail "Paschoalotto (amigavelcartoes@paschoalotto.com.br)" <contato@m19.entregademensagens.com>: ['Boleto_ELTON.pdf'] em: C:/Users/elton.santos/Desktop/backup\_Paschoalotto (amigavelcartoes@paschoalotto.com.br)_ _contato@m19.entregademensagens.com_\2024\Janeiro
2024-01-22 08:42:07,672 - INFO - Anexo baixado do e-mail OneDrive <photos@onedrive.com>: e0428387-28f5-4def-93ba-fb4b78dad80d em: C:/Users/elton.santos/Desktop/backup\OneDrive _photos@onedrive.com_\2024\Janeiro
2024-01-22 08:42:07,673 - INFO - Anexo baixado do e-mail OneDrive <photos@onedrive.com>: 33f52236-5cbc-4569-9496-67dba572a986 em: C:/Users/elton.santos/Desktop/backup\OneDrive _photos@onedrive.com_\2024\Janeiro
2024-01-22 08:42:07,675 - INFO - Anexo baixado do e-mail OneDrive <photos@onedrive.com>: 572ee89b-db30-4f4d-ab27-7de40839fe12 em: C:/Users/elton.santos/Desktop/backup\OneDrive _photos@onedrive.com_\2024\Janeiro
2024-01-22 08:42:07,675 - INFO - Anexo(s) baixado(s) do e-mail OneDrive <photos@onedrive.com>: ['e0428387-28f5-4def-93ba-fb4b78dad80d', '33f52236-5cbc-4569-9496-67dba572a986', '572ee89b-db30-4f4d-ab27-7de40839fe12'] em: C:/Users/elton.santos/Desktop/backup\OneDrive _photos@onedrive.com_\2024\Janeiro
2024-01-22 08:42:39,414 - INFO - Anexo baixado do e-mail Nubank <todomundo@nubank.com.br>: Nubank_2023-07-16.pdf em: C:/Users/elton.santos/Desktop/backup\Nubank _todomundo@nubank.com.br_\2024\Janeiro
2024-01-22 08:42:39,414 - INFO - Anexo(s) baixado(s) do e-mail Nubank <todomundo@nubank.com.br>: ['Nubank_2023-07-16.pdf'] em: C:/Users/elton.santos/Desktop/backup\Nubank _todomundo@nubank.com.br_\2024\Janeiro
2024-01-22 08:43:03,531 - INFO - Anexo baixado do e-mail "Paschoalotto (amigavelcartoes@paschoalotto.com.br)" <contato@m19.entregademensagens.com>: Boleto_ELTON.pdf em: C:/Users/elton.santos/Desktop/backup\_Paschoalotto (amigavelcartoes@paschoalotto.com.br)_ _contato@m19.entregademensagens.com_\2024\Janeiro
2024-01-22 08:43:03,531 - INFO - Anexo(s) baixado(s) do e-mail "Paschoalotto (amigavelcartoes@paschoalotto.com.br)" <contato@m19.entregademensagens.com>: ['Boleto_ELTON.pdf'] em: C:/Users/elton.santos/Desktop/backup\_Paschoalotto (amigavelcartoes@paschoalotto.com.br)_ _contato@m19.entregademensagens.com_\2024\Janeiro
2024-01-22 08:43:05,344 - INFO - Anexo baixado do e-mail "Paschoalotto (amigavelcartoes@paschoalotto.com.br)" <contato@m12.centraldeboletos.com.br>: Boleto_ELTON.pdf em: C:/Users/elton.santos/Desktop/backup\_Paschoalotto (amigavelcartoes@paschoalotto.com.br)_ _contato@m12.centraldeboletos.com.br_\2024\Janeiro
2024-01-22 08:43:05,344 - INFO - Anexo(s) baixado(s) do e-mail "Paschoalotto (amigavelcartoes@paschoalotto.com.br)" <contato@m12.centraldeboletos.com.br>: ['Boleto_ELTON.pdf'] em: C:/Users/elton.santos/Desktop/backup\_Paschoalotto (amigavelcartoes@paschoalotto.com.br)_ _contato@m12.centraldeboletos.com.br_\2024\Janeiro
2024-01-22 08:43:52,427 - INFO - Anexo baixado do e-mail "Paschoalotto (amigavelcartoes@paschoalotto.com.br)" <contato@m12.centraldeboletos.com.br>: Boleto_ELTON.pdf em: C:/Users/elton.santos/Desktop/backup\_Paschoalotto (amigavelcartoes@paschoalotto.com.br)_ _contato@m12.centraldeboletos.com.br_\2024\Janeiro
2024-01-22 08:43:52,427 - INFO - Anexo(s) baixado(s) do e-mail "Paschoalotto (amigavelcartoes@paschoalotto.com.br)" <contato@m12.centraldeboletos.com.br>: ['Boleto_ELTON.pdf'] em: C:/Users/elton.santos/Desktop/backup\_Paschoalotto (amigavelcartoes@paschoalotto.com.br)_ _contato@m12.centraldeboletos.com.br_\2024\Janeiro
2024-01-22 08:43:52,865 - INFO - Anexo baixado do e-mail "Paschoalotto (amigavelcartoes@paschoalotto.com.br)" <contato@centraldecampanhas.com.br>: Boleto_ELTON.pdf em: C:/Users/elton.santos/Desktop/backup\_Paschoalotto (amigavelcartoes@paschoalotto.com.br)_ _contato@centraldecampanhas.com.br_\2024\Janeiro
2024-01-22 08:43:52,866 - INFO - Anexo(s) baixado(s) do e-mail "Paschoalotto (amigavelcartoes@paschoalotto.com.br)" <contato@centraldecampanhas.com.br>: ['Boleto_ELTON.pdf'] em: C:/Users/elton.santos/Desktop/backup\_Paschoalotto (amigavelcartoes@paschoalotto.com.br)_ _contato@centraldecampanhas.com.br_\2024\Janeiro
2024-01-22 08:43:56,042 - INFO - Anexo(s) baixado(s) do e-mail iCloud <noreply@email.apple.com>: [None, None] em: C:/Users/elton.santos/Desktop/backup\iCloud _noreply@email.apple.com_\2024\Janeiro
2024-01-22 08:43:56,358 - INFO - Anexo(s) baixado(s) do e-mail Apple <noreply@email.apple.com>: [None, None] em: C:/Users/elton.santos/Desktop/backup\Apple _noreply@email.apple.com_\2024\Janeiro
2024-01-22 08:44:15,197 - INFO - Anexo baixado do e-mail Nubank <todomundo@nubank.com.br>: Nubank_Boleto.pdf em: C:/Users/elton.santos/Desktop/backup\Nubank _todomundo@nubank.com.br_\2024\Janeiro
2024-01-22 08:44:15,197 - INFO - Anexo(s) baixado(s) do e-mail Nubank <todomundo@nubank.com.br>: ['Nubank_Boleto.pdf'] em: C:/Users/elton.santos/Desktop/backup\Nubank _todomundo@nubank.com.br_\2024\Janeiro
2024-01-22 08:45:14,238 - INFO - Anexo baixado do e-mail Smart Fit <email@smartfit.com.br>: termo_de_adesao.pdf em: C:/Users/elton.santos/Desktop/backup\Smart Fit _email@smartfit.com.br_\2024\Janeiro
2024-01-22 08:45:14,240 - INFO - Anexo baixado do e-mail Smart Fit <email@smartfit.com.br>: normas_utilizacao.pdf em: C:/Users/elton.santos/Desktop/backup\Smart Fit _email@smartfit.com.br_\2024\Janeiro
2024-01-22 08:45:14,240 - INFO - Anexo baixado do e-mail Smart Fit <email@smartfit.com.br>: beneficios_black.pdf em: C:/Users/elton.santos/Desktop/backup\Smart Fit _email@smartfit.com.br_\2024\Janeiro
2024-01-22 08:45:14,241 - INFO - Anexo(s) baixado(s) do e-mail Smart Fit <email@smartfit.com.br>: ['termo_de_adesao.pdf', 'normas_utilizacao.pdf', 'beneficios_black.pdf'] em: C:/Users/elton.santos/Desktop/backup\Smart Fit _email@smartfit.com.br_\2024\Janeiro
2024-01-22 08:45:14,715 - INFO - Anexo baixado do e-mail Smart Fit <email@smartfit.com.br>: termo_de_adesao.pdf em: C:/Users/elton.santos/Desktop/backup\Smart Fit _email@smartfit.com.br_\2024\Janeiro
2024-01-22 08:45:14,716 - INFO - Anexo baixado do e-mail Smart Fit <email@smartfit.com.br>: normas_utilizacao.pdf em: C:/Users/elton.santos/Desktop/backup\Smart Fit _email@smartfit.com.br_\2024\Janeiro
2024-01-22 08:45:14,716 - INFO - Anexo baixado do e-mail Smart Fit <email@smartfit.com.br>: beneficios_black.pdf em: C:/Users/elton.santos/Desktop/backup\Smart Fit _email@smartfit.com.br_\2024\Janeiro
2024-01-22 08:45:14,718 - INFO - Anexo(s) baixado(s) do e-mail Smart Fit <email@smartfit.com.br>: ['termo_de_adesao.pdf', 'normas_utilizacao.pdf', 'beneficios_black.pdf'] em: C:/Users/elton.santos/Desktop/backup\Smart Fit _email@smartfit.com.br_\2024\Janeiro
2024-01-22 08:45:35,624 - INFO - Anexo baixado do e-mail Nubank <todomundo@nubank.com.br>: Nubank_2023-08-16.pdf em: C:/Users/elton.santos/Desktop/backup\Nubank _todomundo@nubank.com.br_\2024\Janeiro
2024-01-22 08:45:35,624 - INFO - Anexo(s) baixado(s) do e-mail Nubank <todomundo@nubank.com.br>: ['Nubank_2023-08-16.pdf'] em: C:/Users/elton.santos/Desktop/backup\Nubank _todomundo@nubank.com.br_\2024\Janeiro
2024-01-22 08:45:46,909 - INFO - Anexo baixado do e-mail OneDrive <photos@onedrive.com>: 5e35fdbf-4483-4dd8-ad97-284611d4e70f em: C:/Users/elton.santos/Desktop/backup\OneDrive _photos@onedrive.com_\2024\Janeiro
2024-01-22 08:45:46,910 - INFO - Anexo baixado do e-mail OneDrive <photos@onedrive.com>: 29ace3cf-fe84-4061-9108-365c2fa5058c em: C:/Users/elton.santos/Desktop/backup\OneDrive _photos@onedrive.com_\2024\Janeiro
2024-01-22 08:45:46,910 - INFO - Anexo baixado do e-mail OneDrive <photos@onedrive.com>: d4de1736-86d0-44b6-adcf-96a010dad3b9 em: C:/Users/elton.santos/Desktop/backup\OneDrive _photos@onedrive.com_\2024\Janeiro
2024-01-22 08:45:46,911 - INFO - Anexo(s) baixado(s) do e-mail OneDrive <photos@onedrive.com>: ['5e35fdbf-4483-4dd8-ad97-284611d4e70f', '29ace3cf-fe84-4061-9108-365c2fa5058c', 'd4de1736-86d0-44b6-adcf-96a010dad3b9'] em: C:/Users/elton.santos/Desktop/backup\OneDrive _photos@onedrive.com_\2024\Janeiro
2024-01-22 08:45:48,864 - INFO - Anexo baixado do e-mail Smart Fit <email@smartfit.com.br>: cancelamento_23378035.pdf em: C:/Users/elton.santos/Desktop/backup\Smart Fit _email@smartfit.com.br_\2024\Janeiro
2024-01-22 08:45:48,864 - INFO - Anexo(s) baixado(s) do e-mail Smart Fit <email@smartfit.com.br>: ['cancelamento_23378035.pdf'] em: C:/Users/elton.santos/Desktop/backup\Smart Fit _email@smartfit.com.br_\2024\Janeiro
2024-01-22 08:46:48,258 - INFO - Anexo baixado do e-mail OneDrive <photos@onedrive.com>: b96cb0f3-4891-4a95-a8c6-bcfecc609b29 em: C:/Users/elton.santos/Desktop/backup\OneDrive _photos@onedrive.com_\2024\Janeiro
2024-01-22 08:46:48,258 - INFO - Anexo baixado do e-mail OneDrive <photos@onedrive.com>: 55018792-58ad-48f2-96a4-a05d5255eb13 em: C:/Users/elton.santos/Desktop/backup\OneDrive _photos@onedrive.com_\2024\Janeiro
2024-01-22 08:46:48,259 - INFO - Anexo baixado do e-mail OneDrive <photos@onedrive.com>: f9447b3a-cac6-4a77-b243-21c88603cbc3 em: C:/Users/elton.santos/Desktop/backup\OneDrive _photos@onedrive.com_\2024\Janeiro
2024-01-22 08:46:48,259 - INFO - Anexo(s) baixado(s) do e-mail OneDrive <photos@onedrive.com>: ['b96cb0f3-4891-4a95-a8c6-bcfecc609b29', '55018792-58ad-48f2-96a4-a05d5255eb13', 'f9447b3a-cac6-4a77-b243-21c88603cbc3'] em: C:/Users/elton.santos/Desktop/backup\OneDrive _photos@onedrive.com_\2024\Janeiro
2024-01-22 08:46:53,585 - INFO - Anexo baixado do e-mail OneDrive <photos@onedrive.com>: 70149775-0994-4fb2-9a1e-d6ba751e0a45 em: C:/Users/elton.santos/Desktop/backup\OneDrive _photos@onedrive.com_\2024\Janeiro
2024-01-22 08:46:53,586 - INFO - Anexo baixado do e-mail OneDrive <photos@onedrive.com>: e99ce259-99a6-4291-a4d8-cf37c1ffa95d em: C:/Users/elton.santos/Desktop/backup\OneDrive _photos@onedrive.com_\2024\Janeiro
2024-01-22 08:46:53,587 - INFO - Anexo baixado do e-mail OneDrive <photos@onedrive.com>: a89280f1-98ff-4c08-a383-22dccf5d2955 em: C:/Users/elton.santos/Desktop/backup\OneDrive _photos@onedrive.com_\2024\Janeiro
2024-01-22 08:46:53,587 - INFO - Anexo(s) baixado(s) do e-mail OneDrive <photos@onedrive.com>: ['70149775-0994-4fb2-9a1e-d6ba751e0a45', 'e99ce259-99a6-4291-a4d8-cf37c1ffa95d', 'a89280f1-98ff-4c08-a383-22dccf5d2955'] em: C:/Users/elton.santos/Desktop/backup\OneDrive _photos@onedrive.com_\2024\Janeiro
2024-01-22 08:47:42,721 - INFO - Anexo(s) baixado(s) do e-mail Apple <News@InsideApple.Apple.com>: [None, None] em: C:/Users/elton.santos/Desktop/backup\Apple _News@InsideApple.Apple.com_\2024\Janeiro
2024-01-22 08:47:56,104 - INFO - Anexo(s) baixado(s) do e-mail KaBuM! <mensageiro@kabum.com.br>: [None] em: C:/Users/elton.santos/Desktop/backup\KaBuM! _mensageiro@kabum.com.br_\2024\Janeiro
2024-01-22 08:50:06,273 - INFO - Anexo baixado do e-mail Elton Santos <jhonfernandes767@gmail.com>: 3ef8201a.png em: C:/Users/elton.santos/Desktop/backup/57\Elton Santos _jhonfernandes767@gmail.com_\2024\Janeiro
2024-01-22 08:50:06,273 - INFO - Anexo(s) baixado(s) do e-mail Elton Santos <jhonfernandes767@gmail.com>: ['3ef8201a.png'] em: C:/Users/elton.santos/Desktop/backup/57\Elton Santos _jhonfernandes767@gmail.com_\2024\Janeiro
2024-01-22 08:50:06,863 - INFO - Anexo baixado do e-mail Elton Santos <jhonfernandes767@gmail.com>: OURO-VERDE-PARCELAMENTO (1).pdf em: C:/Users/elton.santos/Desktop/backup/57\Elton Santos _jhonfernandes767@gmail.com_\2024\Janeiro
2024-01-22 08:50:06,866 - INFO - Anexo baixado do e-mail Elton Santos <jhonfernandes767@gmail.com>: ICMS-12-2023-JAMC-SP.pdf em: C:/Users/elton.santos/Desktop/backup/57\Elton Santos _jhonfernandes767@gmail.com_\2024\Janeiro
2024-01-22 08:50:06,868 - INFO - Anexo baixado do e-mail Elton Santos <jhonfernandes767@gmail.com>: OURO-VERDE-PARCELAMENTO.pdf em: C:/Users/elton.santos/Desktop/backup/57\Elton Santos _jhonfernandes767@gmail.com_\2024\Janeiro
2024-01-22 08:50:06,868 - INFO - Anexo(s) baixado(s) do e-mail Elton Santos <jhonfernandes767@gmail.com>: ['OURO-VERDE-PARCELAMENTO (1).pdf', 'ICMS-12-2023-JAMC-SP.pdf', 'OURO-VERDE-PARCELAMENTO.pdf'] em: C:/Users/elton.santos/Desktop/backup/57\Elton Santos _jhonfernandes767@gmail.com_\2024\Janeiro
2024-01-22 08:50:52,123 - INFO - Anexo baixado do e-mail Elton Santos <jhonfernandes767@gmail.com>: 3ef8201a.png em: C:/Users/elton.santos/Desktop/backup/57\Elton Santos _jhonfernandes767@gmail.com_\2024\Janeiro
2024-01-22 08:50:52,123 - INFO - Anexo(s) baixado(s) do e-mail Elton Santos <jhonfernandes767@gmail.com>: ['3ef8201a.png'] em: C:/Users/elton.santos/Desktop/backup/57\Elton Santos _jhonfernandes767@gmail.com_\2024\Janeiro
2024-01-22 08:50:53,297 - INFO - Anexo baixado do e-mail Elton Santos <jhonfernandes767@gmail.com>: OURO-VERDE-PARCELAMENTO (1).pdf em: C:/Users/elton.santos/Desktop/backup/57\Elton Santos _jhonfernandes767@gmail.com_\2024\Janeiro
2024-01-22 08:50:53,301 - INFO - Anexo baixado do e-mail Elton Santos <jhonfernandes767@gmail.com>: ICMS-12-2023-JAMC-SP.pdf em: C:/Users/elton.santos/Desktop/backup/57\Elton Santos _jhonfernandes767@gmail.com_\2024\Janeiro
2024-01-22 08:50:53,302 - INFO - Anexo baixado do e-mail Elton Santos <jhonfernandes767@gmail.com>: OURO-VERDE-PARCELAMENTO.pdf em: C:/Users/elton.santos/Desktop/backup/57\Elton Santos _jhonfernandes767@gmail.com_\2024\Janeiro
2024-01-22 08:50:53,302 - INFO - Anexo(s) baixado(s) do e-mail Elton Santos <jhonfernandes767@gmail.com>: ['OURO-VERDE-PARCELAMENTO (1).pdf', 'ICMS-12-2023-JAMC-SP.pdf', 'OURO-VERDE-PARCELAMENTO.pdf'] em: C:/Users/elton.santos/Desktop/backup/57\Elton Santos _jhonfernandes767@gmail.com_\2024\Janeiro
2024-01-22 10:44:35,582 - INFO - Anexo baixado do e-mail Elton Santos <jhonfernandes767@gmail.com>: 3ef8201a.png em: C:/Users/elton.santos/Desktop/Boot_Downaload\Elton Santos _jhonfernandes767@gmail.com_\2024\Janeiro
2024-01-22 10:44:35,583 - INFO - Anexo(s) baixado(s) do e-mail Elton Santos <jhonfernandes767@gmail.com>: ['3ef8201a.png'] em: C:/Users/elton.santos/Desktop/Boot_Downaload\Elton Santos _jhonfernandes767@gmail.com_\2024\Janeiro
2024-01-22 10:44:38,322 - INFO - Anexo baixado do e-mail Elton Santos <jhonfernandes767@gmail.com>: OURO-VERDE-PARCELAMENTO (1).pdf em: C:/Users/elton.santos/Desktop/Boot_Downaload\Elton Santos _jhonfernandes767@gmail.com_\2024\Janeiro
2024-01-22 10:44:38,324 - INFO - Anexo baixado do e-mail Elton Santos <jhonfernandes767@gmail.com>: ICMS-12-2023-JAMC-SP.pdf em: C:/Users/elton.santos/Desktop/Boot_Downaload\Elton Santos _jhonfernandes767@gmail.com_\2024\Janeiro
2024-01-22 10:44:38,326 - INFO - Anexo baixado do e-mail Elton Santos <jhonfernandes767@gmail.com>: OURO-VERDE-PARCELAMENTO.pdf em: C:/Users/elton.santos/Desktop/Boot_Downaload\Elton Santos _jhonfernandes767@gmail.com_\2024\Janeiro
2024-01-22 10:44:38,326 - INFO - Anexo(s) baixado(s) do e-mail Elton Santos <jhonfernandes767@gmail.com>: ['OURO-VERDE-PARCELAMENTO (1).pdf', 'ICMS-12-2023-JAMC-SP.pdf', 'OURO-VERDE-PARCELAMENTO.pdf'] em: C:/Users/elton.santos/Desktop/Boot_Downaload\Elton Santos _jhonfernandes767@gmail.com_\2024\Janeiro
2024-01-22 10:45:58,736 - INFO - Anexo baixado do e-mail Elton Santos <jhonfernandes767@gmail.com>: OURO-VERDE-PARCELAMENTO (1).pdf em: C:/Users/elton.santos/Desktop/Boot_Downaload\Elton Santos _jhonfernandes767@gmail.com_\2024\Janeiro
2024-01-22 10:45:58,739 - INFO - Anexo baixado do e-mail Elton Santos <jhonfernandes767@gmail.com>: ICMS-12-2023-JAMC-SP.pdf em: C:/Users/elton.santos/Desktop/Boot_Downaload\Elton Santos _jhonfernandes767@gmail.com_\2024\Janeiro
2024-01-22 10:45:58,741 - INFO - Anexo baixado do e-mail Elton Santos <jhonfernandes767@gmail.com>: OURO-VERDE-PARCELAMENTO.pdf em: C:/Users/elton.santos/Desktop/Boot_Downaload\Elton Santos _jhonfernandes767@gmail.com_\2024\Janeiro
2024-01-22 10:45:58,741 - INFO - Anexo(s) baixado(s) do e-mail Elton Santos <jhonfernandes767@gmail.com>: ['OURO-VERDE-PARCELAMENTO (1).pdf', 'ICMS-12-2023-JAMC-SP.pdf', 'OURO-VERDE-PARCELAMENTO.pdf'] em: C:/Users/elton.santos/Desktop/Boot_Downaload\Elton Santos _jhonfernandes767@gmail.com_\2024\Janeiro
2024-01-22 11:01:30,736 - INFO - Anexo baixado do e-mail Elton Santos <jhonfernandes767@gmail.com>: 3ef8201a.png em: C:/Users/elton.santos/Desktop/Boot_Downaload\Elton Santos _jhonfernandes767@gmail.com_\2024\Janeiro
2024-01-22 11:01:30,738 - INFO - Anexo(s) baixado(s) do e-mail Elton Santos <jhonfernandes767@gmail.com>: ['3ef8201a.png'] em: C:/Users/elton.santos/Desktop/Boot_Downaload\Elton Santos _jhonfernandes767@gmail.com_\2024\Janeiro
2024-01-22 11:01:31,285 - INFO - Anexo baixado do e-mail Elton Santos <jhonfernandes767@gmail.com>: OURO-VERDE-PARCELAMENTO (1).pdf em: C:/Users/elton.santos/Desktop/Boot_Downaload\Elton Santos _jhonfernandes767@gmail.com_\2024\Janeiro
2024-01-22 11:01:31,288 - INFO - Anexo baixado do e-mail Elton Santos <jhonfernandes767@gmail.com>: ICMS-12-2023-JAMC-SP.pdf em: C:/Users/elton.santos/Desktop/Boot_Downaload\Elton Santos _jhonfernandes767@gmail.com_\2024\Janeiro
2024-01-22 11:01:31,290 - INFO - Anexo baixado do e-mail Elton Santos <jhonfernandes767@gmail.com>: OURO-VERDE-PARCELAMENTO.pdf em: C:/Users/elton.santos/Desktop/Boot_Downaload\Elton Santos _jhonfernandes767@gmail.com_\2024\Janeiro
2024-01-22 11:01:31,290 - INFO - Anexo(s) baixado(s) do e-mail Elton Santos <jhonfernandes767@gmail.com>: ['OURO-VERDE-PARCELAMENTO (1).pdf', 'ICMS-12-2023-JAMC-SP.pdf', 'OURO-VERDE-PARCELAMENTO.pdf'] em: C:/Users/elton.santos/Desktop/Boot_Downaload\Elton Santos _jhonfernandes767@gmail.com_\2024\Janeiro
2024-01-22 11:35:07,549 - INFO - Anexo baixado do e-mail Elton Santos <jhonfernandes767@gmail.com>: 3ef8201a.png em: C:/Users/elton.santos/Desktop/Boot_Downaload\Elton Santos _jhonfernandes767@gmail.com_\2024\Janeiro
2024-01-22 11:35:07,549 - INFO - Anexo(s) baixado(s) do e-mail Elton Santos <jhonfernandes767@gmail.com>: ['3ef8201a.png'] em: C:/Users/elton.santos/Desktop/Boot_Downaload\Elton Santos _jhonfernandes767@gmail.com_\2024\Janeiro
2024-01-22 11:35:08,077 - INFO - Anexo baixado do e-mail Elton Santos <jhonfernandes767@gmail.com>: OURO-VERDE-PARCELAMENTO (1).pdf em: C:/Users/elton.santos/Desktop/Boot_Downaload\Elton Santos _jhonfernandes767@gmail.com_\2024\Janeiro
2024-01-22 11:35:08,079 - INFO - Anexo baixado do e-mail Elton Santos <jhonfernandes767@gmail.com>: ICMS-12-2023-JAMC-SP.pdf em: C:/Users/elton.santos/Desktop/Boot_Downaload\Elton Santos _jhonfernandes767@gmail.com_\2024\Janeiro
2024-01-22 11:35:08,081 - INFO - Anexo baixado do e-mail Elton Santos <jhonfernandes767@gmail.com>: OURO-VERDE-PARCELAMENTO.pdf em: C:/Users/elton.santos/Desktop/Boot_Downaload\Elton Santos _jhonfernandes767@gmail.com_\2024\Janeiro
2024-01-22 11:35:08,081 - INFO - Anexo(s) baixado(s) do e-mail Elton Santos <jhonfernandes767@gmail.com>: ['OURO-VERDE-PARCELAMENTO (1).pdf', 'ICMS-12-2023-JAMC-SP.pdf', 'OURO-VERDE-PARCELAMENTO.pdf'] em: C:/Users/elton.santos/Desktop/Boot_Downaload\Elton Santos _jhonfernandes767@gmail.com_\2024\Janeiro
2024-01-22 12:06:19,746 - INFO - Anexo baixado do e-mail Elton Santos <jhonfernandes767@gmail.com>: 3ef8201a.png em: C:/Users/elton.santos/Desktop/Boot_Downaload\Elton Santos _jhonfernandes767@gmail.com_\2024\Janeiro
2024-01-22 12:06:19,747 - INFO - Anexo(s) baixado(s) do e-mail Elton Santos <jhonfernandes767@gmail.com>: ['3ef8201a.png'] em: C:/Users/elton.santos/Desktop/Boot_Downaload\Elton Santos _jhonfernandes767@gmail.com_\2024\Janeiro
2024-01-22 12:06:20,322 - INFO - Anexo baixado do e-mail Elton Santos <jhonfernandes767@gmail.com>: OURO-VERDE-PARCELAMENTO (1).pdf em: C:/Users/elton.santos/Desktop/Boot_Downaload\Elton Santos _jhonfernandes767@gmail.com_\2024\Janeiro
2024-01-22 12:06:20,326 - INFO - Anexo baixado do e-mail Elton Santos <jhonfernandes767@gmail.com>: ICMS-12-2023-JAMC-SP.pdf em: C:/Users/elton.santos/Desktop/Boot_Downaload\Elton Santos _jhonfernandes767@gmail.com_\2024\Janeiro
2024-01-22 12:06:20,327 - INFO - Anexo baixado do e-mail Elton Santos <jhonfernandes767@gmail.com>: OURO-VERDE-PARCELAMENTO.pdf em: C:/Users/elton.santos/Desktop/Boot_Downaload\Elton Santos _jhonfernandes767@gmail.com_\2024\Janeiro
2024-01-22 12:06:20,327 - INFO - Anexo(s) baixado(s) do e-mail Elton Santos <jhonfernandes767@gmail.com>: ['OURO-VERDE-PARCELAMENTO (1).pdf', 'ICMS-12-2023-JAMC-SP.pdf', 'OURO-VERDE-PARCELAMENTO.pdf'] em: C:/Users/elton.santos/Desktop/Boot_Downaload\Elton Santos _jhonfernandes767@gmail.com_\2024\Janeiro
2024-01-22 12:06:40,834 - INFO - Anexo baixado do e-mail Elton Santos <jhonfernandes767@gmail.com>: 3ef8201a.png em: C:/Users/elton.santos/Desktop/Boot_Downaload\Elton Santos _jhonfernandes767@gmail.com_\2024\Janeiro
2024-01-22 12:06:40,834 - INFO - Anexo(s) baixado(s) do e-mail Elton Santos <jhonfernandes767@gmail.com>: ['3ef8201a.png'] em: C:/Users/elton.santos/Desktop/Boot_Downaload\Elton Santos _jhonfernandes767@gmail.com_\2024\Janeiro
2024-01-22 12:06:45,218 - INFO - Anexo baixado do e-mail Elton Santos <jhonfernandes767@gmail.com>: OURO-VERDE-PARCELAMENTO (1).pdf em: C:/Users/elton.santos/Desktop/Boot_Downaload\Elton Santos _jhonfernandes767@gmail.com_\2024\Janeiro
2024-01-22 12:06:45,223 - INFO - Anexo baixado do e-mail Elton Santos <jhonfernandes767@gmail.com>: ICMS-12-2023-JAMC-SP.pdf em: C:/Users/elton.santos/Desktop/Boot_Downaload\Elton Santos _jhonfernandes767@gmail.com_\2024\Janeiro
2024-01-22 12:06:45,225 - INFO - Anexo baixado do e-mail Elton Santos <jhonfernandes767@gmail.com>: OURO-VERDE-PARCELAMENTO.pdf em: C:/Users/elton.santos/Desktop/Boot_Downaload\Elton Santos _jhonfernandes767@gmail.com_\2024\Janeiro
2024-01-22 12:06:45,225 - INFO - Anexo(s) baixado(s) do e-mail Elton Santos <jhonfernandes767@gmail.com>: ['OURO-VERDE-PARCELAMENTO (1).pdf', 'ICMS-12-2023-JAMC-SP.pdf', 'OURO-VERDE-PARCELAMENTO.pdf'] em: C:/Users/elton.santos/Desktop/Boot_Downaload\Elton Santos _jhonfernandes767@gmail.com_\2024\Janeiro
2024-01-22 12:06:57,693 - INFO - Anexo baixado do e-mail Elton Santos <jhonfernandes767@gmail.com>: 3ef8201a.png em: C:/Users/elton.santos/Desktop/Boot_Downaload\Elton Santos _jhonfernandes767@gmail.com_\2024\Janeiro
2024-01-22 12:06:57,693 - INFO - Anexo(s) baixado(s) do e-mail Elton Santos <jhonfernandes767@gmail.com>: ['3ef8201a.png'] em: C:/Users/elton.santos/Desktop/Boot_Downaload\Elton Santos _jhonfernandes767@gmail.com_\2024\Janeiro
2024-01-22 12:06:59,135 - INFO - Anexo baixado do e-mail Elton Santos <jhonfernandes767@gmail.com>: OURO-VERDE-PARCELAMENTO (1).pdf em: C:/Users/elton.santos/Desktop/Boot_Downaload\Elton Santos _jhonfernandes767@gmail.com_\2024\Janeiro
2024-01-22 12:06:59,138 - INFO - Anexo baixado do e-mail Elton Santos <jhonfernandes767@gmail.com>: ICMS-12-2023-JAMC-SP.pdf em: C:/Users/elton.santos/Desktop/Boot_Downaload\Elton Santos _jhonfernandes767@gmail.com_\2024\Janeiro
2024-01-22 12:06:59,141 - INFO - Anexo baixado do e-mail Elton Santos <jhonfernandes767@gmail.com>: OURO-VERDE-PARCELAMENTO.pdf em: C:/Users/elton.santos/Desktop/Boot_Downaload\Elton Santos _jhonfernandes767@gmail.com_\2024\Janeiro
2024-01-22 12:06:59,141 - INFO - Anexo(s) baixado(s) do e-mail Elton Santos <jhonfernandes767@gmail.com>: ['OURO-VERDE-PARCELAMENTO (1).pdf', 'ICMS-12-2023-JAMC-SP.pdf', 'OURO-VERDE-PARCELAMENTO.pdf'] em: C:/Users/elton.santos/Desktop/Boot_Downaload\Elton Santos _jhonfernandes767@gmail.com_\2024\Janeiro
2024-01-22 17:12:40,827 - INFO - Anexo baixado do e-mail Elton Santos <jhonfernandes767@gmail.com>: 3ef8201a.png em: C:/Users/elton.santos/Desktop/Boot_Downaload\Elton Santos _jhonfernandes767@gmail.com_\2024\Janeiro
2024-01-22 17:12:40,828 - INFO - Anexo(s) baixado(s) do e-mail Elton Santos <jhonfernandes767@gmail.com>: ['3ef8201a.png'] em: C:/Users/elton.santos/Desktop/Boot_Downaload\Elton Santos _jhonfernandes767@gmail.com_\2024\Janeiro
2024-01-22 17:12:42,659 - INFO - Anexo baixado do e-mail Elton Santos <jhonfernandes767@gmail.com>: OURO-VERDE-PARCELAMENTO (1).pdf em: C:/Users/elton.santos/Desktop/Boot_Downaload\Elton Santos _jhonfernandes767@gmail.com_\2024\Janeiro
2024-01-22 17:12:42,663 - INFO - Anexo baixado do e-mail Elton Santos <jhonfernandes767@gmail.com>: ICMS-12-2023-JAMC-SP.pdf em: C:/Users/elton.santos/Desktop/Boot_Downaload\Elton Santos _jhonfernandes767@gmail.com_\2024\Janeiro
2024-01-22 17:12:42,664 - INFO - Anexo baixado do e-mail Elton Santos <jhonfernandes767@gmail.com>: OURO-VERDE-PARCELAMENTO.pdf em: C:/Users/elton.santos/Desktop/Boot_Downaload\Elton Santos _jhonfernandes767@gmail.com_\2024\Janeiro
2024-01-22 17:12:42,664 - INFO - Anexo(s) baixado(s) do e-mail Elton Santos <jhonfernandes767@gmail.com>: ['OURO-VERDE-PARCELAMENTO (1).pdf', 'ICMS-12-2023-JAMC-SP.pdf', 'OURO-VERDE-PARCELAMENTO.pdf'] em: C:/Users/elton.santos/Desktop/Boot_Downaload\Elton Santos _jhonfernandes767@gmail.com_\2024\Janeiro
2024-01-23 13:38:45,683 - INFO - Anexo baixado do e-mail Elton Santos <jhonfernandes767@gmail.com>: 3ef8201a.png em: C:/Users/elton.santos/Desktop/Boot_Downaload\Elton Santos _jhonfernandes767@gmail.com_\2024\Janeiro
2024-01-23 13:38:45,683 - INFO - Anexo(s) baixado(s) do e-mail Elton Santos <jhonfernandes767@gmail.com>: ['3ef8201a.png'] em: C:/Users/elton.santos/Desktop/Boot_Downaload\Elton Santos _jhonfernandes767@gmail.com_\2024\Janeiro
2024-01-23 13:38:46,666 - INFO - Anexo baixado do e-mail Elton Santos <jhonfernandes767@gmail.com>: OURO-VERDE-PARCELAMENTO (1).pdf em: C:/Users/elton.santos/Desktop/Boot_Downaload\Elton Santos _jhonfernandes767@gmail.com_\2024\Janeiro
2024-01-23 13:38:46,668 - INFO - Anexo baixado do e-mail Elton Santos <jhonfernandes767@gmail.com>: ICMS-12-2023-JAMC-SP.pdf em: C:/Users/elton.santos/Desktop/Boot_Downaload\Elton Santos _jhonfernandes767@gmail.com_\2024\Janeiro
2024-01-23 13:38:46,671 - INFO - Anexo baixado do e-mail Elton Santos <jhonfernandes767@gmail.com>: OURO-VERDE-PARCELAMENTO.pdf em: C:/Users/elton.santos/Desktop/Boot_Downaload\Elton Santos _jhonfernandes767@gmail.com_\2024\Janeiro
2024-01-23 13:38:46,671 - INFO - Anexo(s) baixado(s) do e-mail Elton Santos <jhonfernandes767@gmail.com>: ['OURO-VERDE-PARCELAMENTO (1).pdf', 'ICMS-12-2023-JAMC-SP.pdf', 'OURO-VERDE-PARCELAMENTO.pdf'] em: C:/Users/elton.santos/Desktop/Boot_Downaload\Elton Santos _jhonfernandes767@gmail.com_\2024\Janeiro
2024-01-23 14:11:40,488 - INFO - Anexo baixado do e-mail Elton Santos <jhonfernandes767@gmail.com>: 3ef8201a.png em: C:/Users/elton.santos/Desktop/Boot_Downaload\Elton Santos _jhonfernandes767@gmail.com_\2024\Janeiro
2024-01-23 14:11:40,488 - INFO - Anexo(s) baixado(s) do e-mail Elton Santos <jhonfernandes767@gmail.com>: ['3ef8201a.png'] em: C:/Users/elton.santos/Desktop/Boot_Downaload\Elton Santos _jhonfernandes767@gmail.com_\2024\Janeiro
2024-01-23 14:11:41,279 - INFO - Anexo baixado do e-mail Elton Santos <jhonfernandes767@gmail.com>: OURO-VERDE-PARCELAMENTO (1).pdf em: C:/Users/elton.santos/Desktop/Boot_Downaload\Elton Santos _jhonfernandes767@gmail.com_\2024\Janeiro
2024-01-23 14:11:41,282 - INFO - Anexo baixado do e-mail Elton Santos <jhonfernandes767@gmail.com>: ICMS-12-2023-JAMC-SP.pdf em: C:/Users/elton.santos/Desktop/Boot_Downaload\Elton Santos _jhonfernandes767@gmail.com_\2024\Janeiro
2024-01-23 14:11:41,284 - INFO - Anexo baixado do e-mail Elton Santos <jhonfernandes767@gmail.com>: OURO-VERDE-PARCELAMENTO.pdf em: C:/Users/elton.santos/Desktop/Boot_Downaload\Elton Santos _jhonfernandes767@gmail.com_\2024\Janeiro
2024-01-23 14:11:41,285 - INFO - Anexo(s) baixado(s) do e-mail Elton Santos <jhonfernandes767@gmail.com>: ['OURO-VERDE-PARCELAMENTO (1).pdf', 'ICMS-12-2023-JAMC-SP.pdf', 'OURO-VERDE-PARCELAMENTO.pdf'] em: C:/Users/elton.santos/Desktop/Boot_Downaload\Elton Santos _jhonfernandes767@gmail.com_\2024\Janeiro
2024-01-23 14:13:32,254 - INFO - Anexo baixado do e-mail Elton Santos <jhonfernandes767@gmail.com>: 3ef8201a.png em: C:/Users/elton.santos/Desktop/Boot_Downaload\Elton Santos _jhonfernandes767@gmail.com_\2024\Janeiro
2024-01-23 14:13:32,254 - INFO - Anexo(s) baixado(s) do e-mail Elton Santos <jhonfernandes767@gmail.com>: ['3ef8201a.png'] em: C:/Users/elton.santos/Desktop/Boot_Downaload\Elton Santos _jhonfernandes767@gmail.com_\2024\Janeiro
2024-01-23 14:13:37,741 - INFO - Anexo baixado do e-mail Elton Santos <jhonfernandes767@gmail.com>: OURO-VERDE-PARCELAMENTO (1).pdf em: C:/Users/elton.santos/Desktop/Boot_Downaload\Elton Santos _jhonfernandes767@gmail.com_\2024\Janeiro
2024-01-23 14:13:37,743 - INFO - Anexo baixado do e-mail Elton Santos <jhonfernandes767@gmail.com>: ICMS-12-2023-JAMC-SP.pdf em: C:/Users/elton.santos/Desktop/Boot_Downaload\Elton Santos _jhonfernandes767@gmail.com_\2024\Janeiro
2024-01-23 14:13:37,746 - INFO - Anexo baixado do e-mail Elton Santos <jhonfernandes767@gmail.com>: OURO-VERDE-PARCELAMENTO.pdf em: C:/Users/elton.santos/Desktop/Boot_Downaload\Elton Santos _jhonfernandes767@gmail.com_\2024\Janeiro
2024-01-23 14:13:37,747 - INFO - Anexo(s) baixado(s) do e-mail Elton Santos <jhonfernandes767@gmail.com>: ['OURO-VERDE-PARCELAMENTO (1).pdf', 'ICMS-12-2023-JAMC-SP.pdf', 'OURO-VERDE-PARCELAMENTO.pdf'] em: C:/Users/elton.santos/Desktop/Boot_Downaload\Elton Santos _jhonfernandes767@gmail.com_\2024\Janeiro
2024-01-23 14:28:11,721 - INFO - Anexo baixado do e-mail Elton Santos <jhonfernandes767@gmail.com>: 3ef8201a.png em: C:/Users/elton.santos/Desktop/Boot_Downaload\Elton Santos _jhonfernandes767@gmail.com_\2024\Janeiro
2024-01-23 14:28:11,721 - INFO - Anexo(s) baixado(s) do e-mail Elton Santos <jhonfernandes767@gmail.com>: ['3ef8201a.png'] em: C:/Users/elton.santos/Desktop/Boot_Downaload\Elton Santos _jhonfernandes767@gmail.com_\2024\Janeiro
2024-01-23 14:28:12,625 - INFO - Anexo baixado do e-mail Elton Santos <jhonfernandes767@gmail.com>: OURO-VERDE-PARCELAMENTO (1).pdf em: C:/Users/elton.santos/Desktop/Boot_Downaload\Elton Santos _jhonfernandes767@gmail.com_\2024\Janeiro
2024-01-23 14:28:12,628 - INFO - Anexo baixado do e-mail Elton Santos <jhonfernandes767@gmail.com>: ICMS-12-2023-JAMC-SP.pdf em: C:/Users/elton.santos/Desktop/Boot_Downaload\Elton Santos _jhonfernandes767@gmail.com_\2024\Janeiro
2024-01-23 14:28:12,630 - INFO - Anexo baixado do e-mail Elton Santos <jhonfernandes767@gmail.com>: OURO-VERDE-PARCELAMENTO.pdf em: C:/Users/elton.santos/Desktop/Boot_Downaload\Elton Santos _jhonfernandes767@gmail.com_\2024\Janeiro
2024-01-23 14:28:12,631 - INFO - Anexo(s) baixado(s) do e-mail Elton Santos <jhonfernandes767@gmail.com>: ['OURO-VERDE-PARCELAMENTO (1).pdf', 'ICMS-12-2023-JAMC-SP.pdf', 'OURO-VERDE-PARCELAMENTO.pdf'] em: C:/Users/elton.santos/Desktop/Boot_Downaload\Elton Santos _jhonfernandes767@gmail.com_\2024\Janeiro
2024-01-23 14:52:01,362 - INFO - Anexo baixado do e-mail Elton Santos <jhonfernandes767@gmail.com>: 3ef8201a.png em: C:/Users/elton.santos/Desktop/Boot_Downaload\Elton Santos _jhonfernandes767@gmail.com_\2024\Janeiro
2024-01-23 14:52:01,363 - INFO - Anexo(s) baixado(s) do e-mail Elton Santos <jhonfernandes767@gmail.com>: ['3ef8201a.png'] em: C:/Users/elton.santos/Desktop/Boot_Downaload\Elton Santos _jhonfernandes767@gmail.com_\2024\Janeiro
2024-01-23 14:52:02,385 - INFO - Anexo baixado do e-mail Elton Santos <jhonfernandes767@gmail.com>: OURO-VERDE-PARCELAMENTO (1).pdf em: C:/Users/elton.santos/Desktop/Boot_Downaload\Elton Santos _jhonfernandes767@gmail.com_\2024\Janeiro
2024-01-23 14:52:02,390 - INFO - Anexo baixado do e-mail Elton Santos <jhonfernandes767@gmail.com>: ICMS-12-2023-JAMC-SP.pdf em: C:/Users/elton.santos/Desktop/Boot_Downaload\Elton Santos _jhonfernandes767@gmail.com_\2024\Janeiro
2024-01-23 14:52:02,393 - INFO - Anexo baixado do e-mail Elton Santos <jhonfernandes767@gmail.com>: OURO-VERDE-PARCELAMENTO.pdf em: C:/Users/elton.santos/Desktop/Boot_Downaload\Elton Santos _jhonfernandes767@gmail.com_\2024\Janeiro
2024-01-23 14:52:02,393 - INFO - Anexo(s) baixado(s) do e-mail Elton Santos <jhonfernandes767@gmail.com>: ['OURO-VERDE-PARCELAMENTO (1).pdf', 'ICMS-12-2023-JAMC-SP.pdf', 'OURO-VERDE-PARCELAMENTO.pdf'] em: C:/Users/elton.santos/Desktop/Boot_Downaload\Elton Santos _jhonfernandes767@gmail.com_\2024\Janeiro
2024-01-23 14:58:17,298 - INFO - Anexo baixado do e-mail Elton Santos <jhonfernandes767@gmail.com>: OURO-VERDE-PARCELAMENTO (1).pdf em: C:/Users/elton.santos/Desktop/Boot_Downaload\Elton Santos _jhonfernandes767@gmail.com_\2024\Janeiro
2024-01-23 14:58:17,301 - INFO - Anexo baixado do e-mail Elton Santos <jhonfernandes767@gmail.com>: ICMS-12-2023-JAMC-SP.pdf em: C:/Users/elton.santos/Desktop/Boot_Downaload\Elton Santos _jhonfernandes767@gmail.com_\2024\Janeiro
2024-01-23 14:58:17,303 - INFO - Anexo baixado do e-mail Elton Santos <jhonfernandes767@gmail.com>: OURO-VERDE-PARCELAMENTO.pdf em: C:/Users/elton.santos/Desktop/Boot_Downaload\Elton Santos _jhonfernandes767@gmail.com_\2024\Janeiro
2024-01-23 14:58:17,303 - INFO - Anexo(s) baixado(s) do e-mail Elton Santos <jhonfernandes767@gmail.com>: ['OURO-VERDE-PARCELAMENTO (1).pdf', 'ICMS-12-2023-JAMC-SP.pdf', 'OURO-VERDE-PARCELAMENTO.pdf'] em: C:/Users/elton.santos/Desktop/Boot_Downaload\Elton Santos _jhonfernandes767@gmail.com_\2024\Janeiro
2024-01-23 15:07:42,299 - INFO - Anexo baixado do e-mail Elton Santos <jhonfernandes767@gmail.com>: OURO-VERDE-PARCELAMENTO (1).pdf em: C:/Users/elton.santos/Desktop/Boot_Downaload\Elton Santos _jhonfernandes767@gmail.com_\2024\Janeiro
2024-01-23 15:07:42,301 - INFO - Anexo baixado do e-mail Elton Santos <jhonfernandes767@gmail.com>: ICMS-12-2023-JAMC-SP.pdf em: C:/Users/elton.santos/Desktop/Boot_Downaload\Elton Santos _jhonfernandes767@gmail.com_\2024\Janeiro
2024-01-23 15:07:42,303 - INFO - Anexo baixado do e-mail Elton Santos <jhonfernandes767@gmail.com>: OURO-VERDE-PARCELAMENTO.pdf em: C:/Users/elton.santos/Desktop/Boot_Downaload\Elton Santos _jhonfernandes767@gmail.com_\2024\Janeiro
2024-01-23 15:07:42,303 - INFO - Anexo(s) baixado(s) do e-mail Elton Santos <jhonfernandes767@gmail.com>: ['OURO-VERDE-PARCELAMENTO (1).pdf', 'ICMS-12-2023-JAMC-SP.pdf', 'OURO-VERDE-PARCELAMENTO.pdf'] em: C:/Users/elton.santos/Desktop/Boot_Downaload\Elton Santos _jhonfernandes767@gmail.com_\2024\Janeiro
2024-01-23 16:35:53,010 - INFO - Anexo baixado do e-mail Elton Santos <jhonfernandes767@gmail.com>: OURO-VERDE-PARCELAMENTO (1).pdf em: C:/Users/elton.santos/Desktop/Boot_Downaload\Elton Santos _jhonfernandes767@gmail.com_\2024\Janeiro
2024-01-23 16:35:53,014 - INFO - Anexo baixado do e-mail Elton Santos <jhonfernandes767@gmail.com>: ICMS-12-2023-JAMC-SP.pdf em: C:/Users/elton.santos/Desktop/Boot_Downaload\Elton Santos _jhonfernandes767@gmail.com_\2024\Janeiro
2024-01-23 16:35:53,016 - INFO - Anexo baixado do e-mail Elton Santos <jhonfernandes767@gmail.com>: OURO-VERDE-PARCELAMENTO.pdf em: C:/Users/elton.santos/Desktop/Boot_Downaload\Elton Santos _jhonfernandes767@gmail.com_\2024\Janeiro
2024-01-23 16:35:53,016 - INFO - Anexo(s) baixado(s) do e-mail Elton Santos <jhonfernandes767@gmail.com>: ['OURO-VERDE-PARCELAMENTO (1).pdf', 'ICMS-12-2023-JAMC-SP.pdf', 'OURO-VERDE-PARCELAMENTO.pdf'] em: C:/Users/elton.santos/Desktop/Boot_Downaload\Elton Santos _jhonfernandes767@gmail.com_\2024\Janeiro
2024-01-23 16:36:52,325 - INFO - Anexo baixado do e-mail Elton Santos <jhonfernandes767@gmail.com>: OURO-VERDE-PARCELAMENTO (1).pdf em: C:/Users/elton.santos/Desktop/Boot_Downaload\Elton Santos _jhonfernandes767@gmail.com_\2024\Janeiro
2024-01-23 16:36:52,328 - INFO - Anexo baixado do e-mail Elton Santos <jhonfernandes767@gmail.com>: ICMS-12-2023-JAMC-SP.pdf em: C:/Users/elton.santos/Desktop/Boot_Downaload\Elton Santos _jhonfernandes767@gmail.com_\2024\Janeiro
2024-01-23 16:36:52,329 - INFO - Anexo baixado do e-mail Elton Santos <jhonfernandes767@gmail.com>: OURO-VERDE-PARCELAMENTO.pdf em: C:/Users/elton.santos/Desktop/Boot_Downaload\Elton Santos _jhonfernandes767@gmail.com_\2024\Janeiro
2024-01-23 16:36:52,330 - INFO - Anexo(s) baixado(s) do e-mail Elton Santos <jhonfernandes767@gmail.com>: ['OURO-VERDE-PARCELAMENTO (1).pdf', 'ICMS-12-2023-JAMC-SP.pdf', 'OURO-VERDE-PARCELAMENTO.pdf'] em: C:/Users/elton.santos/Desktop/Boot_Downaload\Elton Santos _jhonfernandes767@gmail.com_\2024\Janeiro
2024-01-23 16:47:17,973 - INFO - Anexo baixado do e-mail Elton Santos <jhonfernandes767@gmail.com>: OURO-VERDE-PARCELAMENTO (1).pdf em: C:/Users/elton.santos/Desktop/Boot_Downaload\Elton Santos _jhonfernandes767@gmail.com_\2024\Janeiro
2024-01-23 16:47:17,976 - INFO - Anexo baixado do e-mail Elton Santos <jhonfernandes767@gmail.com>: ICMS-12-2023-JAMC-SP.pdf em: C:/Users/elton.santos/Desktop/Boot_Downaload\Elton Santos _jhonfernandes767@gmail.com_\2024\Janeiro
2024-01-23 16:47:17,978 - INFO - Anexo baixado do e-mail Elton Santos <jhonfernandes767@gmail.com>: OURO-VERDE-PARCELAMENTO.pdf em: C:/Users/elton.santos/Desktop/Boot_Downaload\Elton Santos _jhonfernandes767@gmail.com_\2024\Janeiro
2024-01-23 16:47:17,978 - INFO - Anexo(s) baixado(s) do e-mail Elton Santos <jhonfernandes767@gmail.com>: ['OURO-VERDE-PARCELAMENTO (1).pdf', 'ICMS-12-2023-JAMC-SP.pdf', 'OURO-VERDE-PARCELAMENTO.pdf'] em: C:/Users/elton.santos/Desktop/Boot_Downaload\Elton Santos _jhonfernandes767@gmail.com_\2024\Janeiro
2024-01-23 16:48:02,057 - INFO - Anexo baixado do e-mail Elton Santos <jhonfernandes767@gmail.com>: OURO-VERDE-PARCELAMENTO (1).pdf em: C:/Users/elton.santos/Desktop/Boot_Downaload\Elton Santos _jhonfernandes767@gmail.com_\2024\Janeiro
2024-01-23 16:48:02,061 - INFO - Anexo baixado do e-mail Elton Santos <jhonfernandes767@gmail.com>: ICMS-12-2023-JAMC-SP.pdf em: C:/Users/elton.santos/Desktop/Boot_Downaload\Elton Santos _jhonfernandes767@gmail.com_\2024\Janeiro
2024-01-23 16:48:02,063 - INFO - Anexo baixado do e-mail Elton Santos <jhonfernandes767@gmail.com>: OURO-VERDE-PARCELAMENTO.pdf em: C:/Users/elton.santos/Desktop/Boot_Downaload\Elton Santos _jhonfernandes767@gmail.com_\2024\Janeiro
2024-01-23 16:48:02,063 - INFO - Anexo(s) baixado(s) do e-mail Elton Santos <jhonfernandes767@gmail.com>: ['OURO-VERDE-PARCELAMENTO (1).pdf', 'ICMS-12-2023-JAMC-SP.pdf', 'OURO-VERDE-PARCELAMENTO.pdf'] em: C:/Users/elton.santos/Desktop/Boot_Downaload\Elton Santos _jhonfernandes767@gmail.com_\2024\Janeiro
2024-01-23 16:51:21,337 - INFO - Anexo baixado do e-mail Elton Santos <jhonfernandes767@gmail.com>: OURO-VERDE-PARCELAMENTO (1).pdf em: C:/Users/elton.santos/Desktop/Boot_Downaload\Elton Santos _jhonfernandes767@gmail.com_\2024\Janeiro
2024-01-23 16:51:21,341 - INFO - Anexo baixado do e-mail Elton Santos <jhonfernandes767@gmail.com>: ICMS-12-2023-JAMC-SP.pdf em: C:/Users/elton.santos/Desktop/Boot_Downaload\Elton Santos _jhonfernandes767@gmail.com_\2024\Janeiro
2024-01-23 16:51:21,343 - INFO - Anexo baixado do e-mail Elton Santos <jhonfernandes767@gmail.com>: OURO-VERDE-PARCELAMENTO.pdf em: C:/Users/elton.santos/Desktop/Boot_Downaload\Elton Santos _jhonfernandes767@gmail.com_\2024\Janeiro
2024-01-23 16:51:21,343 - INFO - Anexo(s) baixado(s) do e-mail Elton Santos <jhonfernandes767@gmail.com>: ['OURO-VERDE-PARCELAMENTO (1).pdf', 'ICMS-12-2023-JAMC-SP.pdf', 'OURO-VERDE-PARCELAMENTO.pdf'] em: C:/Users/elton.santos/Desktop/Boot_Downaload\Elton Santos _jhonfernandes767@gmail.com_\2024\Janeiro
2024-01-24 18:55:25,280 - INFO - Anexo baixado do e-mail Elton Santos <jhonfernandes767@gmail.com>: 3ef8201a.png em: C:/Users/elton.santos/Desktop/Boot_Downaload\Elton Santos _jhonfernandes767@gmail.com_\2024\Janeiro
2024-01-24 18:55:25,280 - INFO - Detalhes e anexo(s) baixado(s) do e-mail Elton Santos <jhonfernandes767@gmail.com>: ['3ef8201a.png'] em: C:/Users/elton.santos/Desktop/Boot_Downaload\Elton Santos _jhonfernandes767@gmail.com_\2024\Janeiro
2024-01-24 18:55:29,317 - INFO - Anexo baixado do e-mail Elton Santos <jhonfernandes767@gmail.com>: OURO-VERDE-PARCELAMENTO (1).pdf em: C:/Users/elton.santos/Desktop/Boot_Downaload\Elton Santos _jhonfernandes767@gmail.com_\2024\Janeiro
2024-01-24 18:55:29,320 - INFO - Anexo baixado do e-mail Elton Santos <jhonfernandes767@gmail.com>: ICMS-12-2023-JAMC-SP.pdf em: C:/Users/elton.santos/Desktop/Boot_Downaload\Elton Santos _jhonfernandes767@gmail.com_\2024\Janeiro
2024-01-24 18:55:29,322 - INFO - Anexo baixado do e-mail Elton Santos <jhonfernandes767@gmail.com>: OURO-VERDE-PARCELAMENTO.pdf em: C:/Users/elton.santos/Desktop/Boot_Downaload\Elton Santos _jhonfernandes767@gmail.com_\2024\Janeiro
2024-01-24 18:55:29,322 - INFO - Detalhes e anexo(s) baixado(s) do e-mail Elton Santos <jhonfernandes767@gmail.com>: ['OURO-VERDE-PARCELAMENTO (1).pdf', 'ICMS-12-2023-JAMC-SP.pdf', 'OURO-VERDE-PARCELAMENTO.pdf'] em: C:/Users/elton.santos/Desktop/Boot_Downaload\Elton Santos _jhonfernandes767@gmail.com_\2024\Janeiro
2024-01-24 18:57:54,505 - INFO - Anexo baixado do e-mail Elton Santos <jhonfernandes767@gmail.com>: 3ef8201a.png em: C:/Users/elton.santos/Desktop/Boot_Downaload\Elton Santos _jhonfernandes767@gmail.com_\2024\Janeiro
2024-01-24 18:57:54,505 - INFO - Detalhes e anexo(s) baixado(s) do e-mail Elton Santos <jhonfernandes767@gmail.com>: ['3ef8201a.png'] em: C:/Users/elton.santos/Desktop/Boot_Downaload\Elton Santos _jhonfernandes767@gmail.com_\2024\Janeiro
2024-01-24 18:57:55,571 - INFO - Anexo baixado do e-mail Elton Santos <jhonfernandes767@gmail.com>: OURO-VERDE-PARCELAMENTO (1).pdf em: C:/Users/elton.santos/Desktop/Boot_Downaload\Elton Santos _jhonfernandes767@gmail.com_\2024\Janeiro
2024-01-24 18:57:55,575 - INFO - Anexo baixado do e-mail Elton Santos <jhonfernandes767@gmail.com>: ICMS-12-2023-JAMC-SP.pdf em: C:/Users/elton.santos/Desktop/Boot_Downaload\Elton Santos _jhonfernandes767@gmail.com_\2024\Janeiro
2024-01-24 18:57:55,577 - INFO - Anexo baixado do e-mail Elton Santos <jhonfernandes767@gmail.com>: OURO-VERDE-PARCELAMENTO.pdf em: C:/Users/elton.santos/Desktop/Boot_Downaload\Elton Santos _jhonfernandes767@gmail.com_\2024\Janeiro
2024-01-24 18:57:55,577 - INFO - Detalhes e anexo(s) baixado(s) do e-mail Elton Santos <jhonfernandes767@gmail.com>: ['OURO-VERDE-PARCELAMENTO (1).pdf', 'ICMS-12-2023-JAMC-SP.pdf', 'OURO-VERDE-PARCELAMENTO.pdf'] em: C:/Users/elton.santos/Desktop/Boot_Downaload\Elton Santos _jhonfernandes767@gmail.com_\2024\Janeiro
2024-01-24 18:58:42,399 - INFO - Anexo baixado do e-mail Elton Santos <jhonfernandes767@gmail.com>: 3ef8201a.png em: C:/Users/elton.santos/Desktop/Boot_Downaload\Elton Santos _jhonfernandes767@gmail.com_\2024\Janeiro
2024-01-24 18:58:42,399 - INFO - Detalhes e anexo(s) baixado(s) do e-mail Elton Santos <jhonfernandes767@gmail.com>: ['3ef8201a.png'] em: C:/Users/elton.santos/Desktop/Boot_Downaload\Elton Santos _jhonfernandes767@gmail.com_\2024\Janeiro
2024-01-24 18:58:43,489 - INFO - Anexo baixado do e-mail Elton Santos <jhonfernandes767@gmail.com>: OURO-VERDE-PARCELAMENTO (1).pdf em: C:/Users/elton.santos/Desktop/Boot_Downaload\Elton Santos _jhonfernandes767@gmail.com_\2024\Janeiro
2024-01-24 18:58:43,492 - INFO - Anexo baixado do e-mail Elton Santos <jhonfernandes767@gmail.com>: ICMS-12-2023-JAMC-SP.pdf em: C:/Users/elton.santos/Desktop/Boot_Downaload\Elton Santos _jhonfernandes767@gmail.com_\2024\Janeiro
2024-01-24 18:58:43,493 - INFO - Anexo baixado do e-mail Elton Santos <jhonfernandes767@gmail.com>: OURO-VERDE-PARCELAMENTO.pdf em: C:/Users/elton.santos/Desktop/Boot_Downaload\Elton Santos _jhonfernandes767@gmail.com_\2024\Janeiro
2024-01-24 18:58:43,493 - INFO - Detalhes e anexo(s) baixado(s) do e-mail Elton Santos <jhonfernandes767@gmail.com>: ['OURO-VERDE-PARCELAMENTO (1).pdf', 'ICMS-12-2023-JAMC-SP.pdf', 'OURO-VERDE-PARCELAMENTO.pdf'] em: C:/Users/elton.santos/Desktop/Boot_Downaload\Elton Santos _jhonfernandes767@gmail.com_\2024\Janeiro
2024-01-24 18:58:44,011 - INFO - Anexo baixado do e-mail Elton Santos <elton.santos@besteweb.com.br>: OURO-VERDE-PARCELAMENTO (1).pdf em: C:/Users/elton.santos/Desktop/Boot_Downaload\Elton Santos _elton.santos@besteweb.com.br_\2024\Janeiro
2024-01-24 18:58:44,013 - INFO - Anexo baixado do e-mail Elton Santos <elton.santos@besteweb.com.br>: OURO-VERDE-PARCELAMENTO.pdf em: C:/Users/elton.santos/Desktop/Boot_Downaload\Elton Santos _elton.santos@besteweb.com.br_\2024\Janeiro
2024-01-24 18:58:44,016 - INFO - Anexo baixado do e-mail Elton Santos <elton.santos@besteweb.com.br>: ICMS-12-2023-JAMC-SP.pdf em: C:/Users/elton.santos/Desktop/Boot_Downaload\Elton Santos _elton.santos@besteweb.com.br_\2024\Janeiro
2024-01-24 18:58:44,033 - INFO - Anexo baixado do e-mail Elton Santos <elton.santos@besteweb.com.br>: Instalao do eContinuo no Servidor.pdf em: C:/Users/elton.santos/Desktop/Boot_Downaload\Elton Santos _elton.santos@besteweb.com.br_\2024\Janeiro
2024-01-24 18:58:44,035 - INFO - Anexo baixado do e-mail Elton Santos <elton.santos@besteweb.com.br>: ISSQN_CARE_092023.pdf em: C:/Users/elton.santos/Desktop/Boot_Downaload\Elton Santos _elton.santos@besteweb.com.br_\2024\Janeiro
2024-01-24 18:58:44,035 - INFO - Detalhes e anexo(s) baixado(s) do e-mail Elton Santos <elton.santos@besteweb.com.br>: ['OURO-VERDE-PARCELAMENTO (1).pdf', 'OURO-VERDE-PARCELAMENTO.pdf', 'ICMS-12-2023-JAMC-SP.pdf', 'Instalao do eContinuo no Servidor.pdf', 'ISSQN_CARE_092023.pdf'] em: C:/Users/elton.santos/Desktop/Boot_Downaload\Elton Santos _elton.santos@besteweb.com.br_\2024\Janeiro
2024-01-24 18:59:01,972 - INFO - Anexo baixado do e-mail Elton Santos <jhonfernandes767@gmail.com>: 3ef8201a.png em: C:/Users/elton.santos/Desktop/Boot_Downaload\Elton Santos _jhonfernandes767@gmail.com_\2024\Janeiro
2024-01-24 18:59:01,972 - INFO - Detalhes e anexo(s) baixado(s) do e-mail Elton Santos <jhonfernandes767@gmail.com>: ['3ef8201a.png'] em: C:/Users/elton.santos/Desktop/Boot_Downaload\Elton Santos _jhonfernandes767@gmail.com_\2024\Janeiro
2024-01-24 18:59:03,743 - INFO - Anexo baixado do e-mail Elton Santos <jhonfernandes767@gmail.com>: OURO-VERDE-PARCELAMENTO (1).pdf em: C:/Users/elton.santos/Desktop/Boot_Downaload\Elton Santos _jhonfernandes767@gmail.com_\2024\Janeiro
2024-01-24 18:59:03,746 - INFO - Anexo baixado do e-mail Elton Santos <jhonfernandes767@gmail.com>: ICMS-12-2023-JAMC-SP.pdf em: C:/Users/elton.santos/Desktop/Boot_Downaload\Elton Santos _jhonfernandes767@gmail.com_\2024\Janeiro
2024-01-24 18:59:03,748 - INFO - Anexo baixado do e-mail Elton Santos <jhonfernandes767@gmail.com>: OURO-VERDE-PARCELAMENTO.pdf em: C:/Users/elton.santos/Desktop/Boot_Downaload\Elton Santos _jhonfernandes767@gmail.com_\2024\Janeiro
2024-01-24 18:59:03,748 - INFO - Detalhes e anexo(s) baixado(s) do e-mail Elton Santos <jhonfernandes767@gmail.com>: ['OURO-VERDE-PARCELAMENTO (1).pdf', 'ICMS-12-2023-JAMC-SP.pdf', 'OURO-VERDE-PARCELAMENTO.pdf'] em: C:/Users/elton.santos/Desktop/Boot_Downaload\Elton Santos _jhonfernandes767@gmail.com_\2024\Janeiro
2024-01-24 18:59:05,075 - INFO - Anexo baixado do e-mail Elton Santos <elton.santos@besteweb.com.br>: OURO-VERDE-PARCELAMENTO (1).pdf em: C:/Users/elton.santos/Desktop/Boot_Downaload\Elton Santos _elton.santos@besteweb.com.br_\2024\Janeiro
2024-01-24 18:59:05,076 - INFO - Anexo baixado do e-mail Elton Santos <elton.santos@besteweb.com.br>: OURO-VERDE-PARCELAMENTO.pdf em: C:/Users/elton.santos/Desktop/Boot_Downaload\Elton Santos _elton.santos@besteweb.com.br_\2024\Janeiro
2024-01-24 18:59:05,079 - INFO - Anexo baixado do e-mail Elton Santos <elton.santos@besteweb.com.br>: ICMS-12-2023-JAMC-SP.pdf em: C:/Users/elton.santos/Desktop/Boot_Downaload\Elton Santos _elton.santos@besteweb.com.br_\2024\Janeiro
2024-01-24 18:59:05,082 - INFO - Anexo baixado do e-mail Elton Santos <elton.santos@besteweb.com.br>: Instalao do eContinuo no Servidor.pdf em: C:/Users/elton.santos/Desktop/Boot_Downaload\Elton Santos _elton.santos@besteweb.com.br_\2024\Janeiro
2024-01-24 18:59:05,083 - INFO - Anexo baixado do e-mail Elton Santos <elton.santos@besteweb.com.br>: ISSQN_CARE_092023.pdf em: C:/Users/elton.santos/Desktop/Boot_Downaload\Elton Santos _elton.santos@besteweb.com.br_\2024\Janeiro
2024-01-24 18:59:05,084 - INFO - Detalhes e anexo(s) baixado(s) do e-mail Elton Santos <elton.santos@besteweb.com.br>: ['OURO-VERDE-PARCELAMENTO (1).pdf', 'OURO-VERDE-PARCELAMENTO.pdf', 'ICMS-12-2023-JAMC-SP.pdf', 'Instalao do eContinuo no Servidor.pdf', 'ISSQN_CARE_092023.pdf'] em: C:/Users/elton.santos/Desktop/Boot_Downaload\Elton Santos _elton.santos@besteweb.com.br_\2024\Janeiro
2024-01-24 18:59:49,753 - INFO - Anexo baixado do e-mail Elton Santos <jhonfernandes767@gmail.com>: 3ef8201a.png em: C:/Users/elton.santos/Desktop/Boot_Downaload\Elton Santos _jhonfernandes767@gmail.com_\2024\Janeiro
2024-01-24 18:59:49,753 - INFO - Detalhes e anexo(s) baixado(s) do e-mail Elton Santos <jhonfernandes767@gmail.com>: ['3ef8201a.png'] em: C:/Users/elton.santos/Desktop/Boot_Downaload\Elton Santos _jhonfernandes767@gmail.com_\2024\Janeiro
2024-01-24 18:59:52,107 - INFO - Anexo baixado do e-mail Elton Santos <jhonfernandes767@gmail.com>: OURO-VERDE-PARCELAMENTO (1).pdf em: C:/Users/elton.santos/Desktop/Boot_Downaload\Elton Santos _jhonfernandes767@gmail.com_\2024\Janeiro
2024-01-24 18:59:52,109 - INFO - Anexo baixado do e-mail Elton Santos <jhonfernandes767@gmail.com>: ICMS-12-2023-JAMC-SP.pdf em: C:/Users/elton.santos/Desktop/Boot_Downaload\Elton Santos _jhonfernandes767@gmail.com_\2024\Janeiro
2024-01-24 18:59:52,111 - INFO - Anexo baixado do e-mail Elton Santos <jhonfernandes767@gmail.com>: OURO-VERDE-PARCELAMENTO.pdf em: C:/Users/elton.santos/Desktop/Boot_Downaload\Elton Santos _jhonfernandes767@gmail.com_\2024\Janeiro
2024-01-24 18:59:52,111 - INFO - Detalhes e anexo(s) baixado(s) do e-mail Elton Santos <jhonfernandes767@gmail.com>: ['OURO-VERDE-PARCELAMENTO (1).pdf', 'ICMS-12-2023-JAMC-SP.pdf', 'OURO-VERDE-PARCELAMENTO.pdf'] em: C:/Users/elton.santos/Desktop/Boot_Downaload\Elton Santos _jhonfernandes767@gmail.com_\2024\Janeiro
2024-01-24 18:59:54,270 - INFO - Anexo baixado do e-mail Elton Santos <elton.santos@besteweb.com.br>: OURO-VERDE-PARCELAMENTO (1).pdf em: C:/Users/elton.santos/Desktop/Boot_Downaload\Elton Santos _elton.santos@besteweb.com.br_\2024\Janeiro
2024-01-24 18:59:54,271 - INFO - Anexo baixado do e-mail Elton Santos <elton.santos@besteweb.com.br>: OURO-VERDE-PARCELAMENTO.pdf em: C:/Users/elton.santos/Desktop/Boot_Downaload\Elton Santos _elton.santos@besteweb.com.br_\2024\Janeiro
2024-01-24 18:59:54,274 - INFO - Anexo baixado do e-mail Elton Santos <elton.santos@besteweb.com.br>: ICMS-12-2023-JAMC-SP.pdf em: C:/Users/elton.santos/Desktop/Boot_Downaload\Elton Santos _elton.santos@besteweb.com.br_\2024\Janeiro
2024-01-24 18:59:54,277 - INFO - Anexo baixado do e-mail Elton Santos <elton.santos@besteweb.com.br>: Instalao do eContinuo no Servidor.pdf em: C:/Users/elton.santos/Desktop/Boot_Downaload\Elton Santos _elton.santos@besteweb.com.br_\2024\Janeiro
2024-01-24 18:59:54,278 - INFO - Anexo baixado do e-mail Elton Santos <elton.santos@besteweb.com.br>: ISSQN_CARE_092023.pdf em: C:/Users/elton.santos/Desktop/Boot_Downaload\Elton Santos _elton.santos@besteweb.com.br_\2024\Janeiro
2024-01-24 18:59:54,279 - INFO - Detalhes e anexo(s) baixado(s) do e-mail Elton Santos <elton.santos@besteweb.com.br>: ['OURO-VERDE-PARCELAMENTO (1).pdf', 'OURO-VERDE-PARCELAMENTO.pdf', 'ICMS-12-2023-JAMC-SP.pdf', 'Instalao do eContinuo no Servidor.pdf', 'ISSQN_CARE_092023.pdf'] em: C:/Users/elton.santos/Desktop/Boot_Downaload\Elton Santos _elton.santos@besteweb.com.br_\2024\Janeiro
2024-01-24 19:00:02,762 - INFO - Anexo baixado do e-mail Elton Santos <jhonfernandes767@gmail.com>: 3ef8201a.png em: C:/Users/elton.santos/Desktop/Boot_Downaload\Elton Santos _jhonfernandes767@gmail.com_\2024\Janeiro
2024-01-24 19:00:02,762 - INFO - Detalhes e anexo(s) baixado(s) do e-mail Elton Santos <jhonfernandes767@gmail.com>: ['3ef8201a.png'] em: C:/Users/elton.santos/Desktop/Boot_Downaload\Elton Santos _jhonfernandes767@gmail.com_\2024\Janeiro
2024-01-24 19:00:03,714 - INFO - Anexo baixado do e-mail Elton Santos <jhonfernandes767@gmail.com>: OURO-VERDE-PARCELAMENTO (1).pdf em: C:/Users/elton.santos/Desktop/Boot_Downaload\Elton Santos _jhonfernandes767@gmail.com_\2024\Janeiro
2024-01-24 19:00:03,718 - INFO - Anexo baixado do e-mail Elton Santos <jhonfernandes767@gmail.com>: ICMS-12-2023-JAMC-SP.pdf em: C:/Users/elton.santos/Desktop/Boot_Downaload\Elton Santos _jhonfernandes767@gmail.com_\2024\Janeiro
2024-01-24 19:00:03,719 - INFO - Anexo baixado do e-mail Elton Santos <jhonfernandes767@gmail.com>: OURO-VERDE-PARCELAMENTO.pdf em: C:/Users/elton.santos/Desktop/Boot_Downaload\Elton Santos _jhonfernandes767@gmail.com_\2024\Janeiro
2024-01-24 19:00:03,720 - INFO - Detalhes e anexo(s) baixado(s) do e-mail Elton Santos <jhonfernandes767@gmail.com>: ['OURO-VERDE-PARCELAMENTO (1).pdf', 'ICMS-12-2023-JAMC-SP.pdf', 'OURO-VERDE-PARCELAMENTO.pdf'] em: C:/Users/elton.santos/Desktop/Boot_Downaload\Elton Santos _jhonfernandes767@gmail.com_\2024\Janeiro
2024-01-24 19:00:04,159 - INFO - Anexo baixado do e-mail Elton Santos <elton.santos@besteweb.com.br>: OURO-VERDE-PARCELAMENTO (1).pdf em: C:/Users/elton.santos/Desktop/Boot_Downaload\Elton Santos _elton.santos@besteweb.com.br_\2024\Janeiro
2024-01-24 19:00:04,160 - INFO - Anexo baixado do e-mail Elton Santos <elton.santos@besteweb.com.br>: OURO-VERDE-PARCELAMENTO.pdf em: C:/Users/elton.santos/Desktop/Boot_Downaload\Elton Santos _elton.santos@besteweb.com.br_\2024\Janeiro
2024-01-24 19:00:04,163 - INFO - Anexo baixado do e-mail Elton Santos <elton.santos@besteweb.com.br>: ICMS-12-2023-JAMC-SP.pdf em: C:/Users/elton.santos/Desktop/Boot_Downaload\Elton Santos _elton.santos@besteweb.com.br_\2024\Janeiro
2024-01-24 19:00:04,165 - INFO - Anexo baixado do e-mail Elton Santos <elton.santos@besteweb.com.br>: Instalao do eContinuo no Servidor.pdf em: C:/Users/elton.santos/Desktop/Boot_Downaload\Elton Santos _elton.santos@besteweb.com.br_\2024\Janeiro
2024-01-24 19:00:04,166 - INFO - Anexo baixado do e-mail Elton Santos <elton.santos@besteweb.com.br>: ISSQN_CARE_092023.pdf em: C:/Users/elton.santos/Desktop/Boot_Downaload\Elton Santos _elton.santos@besteweb.com.br_\2024\Janeiro
2024-01-24 19:00:04,167 - INFO - Detalhes e anexo(s) baixado(s) do e-mail Elton Santos <elton.santos@besteweb.com.br>: ['OURO-VERDE-PARCELAMENTO (1).pdf', 'OURO-VERDE-PARCELAMENTO.pdf', 'ICMS-12-2023-JAMC-SP.pdf', 'Instalao do eContinuo no Servidor.pdf', 'ISSQN_CARE_092023.pdf'] em: C:/Users/elton.santos/Desktop/Boot_Downaload\Elton Santos _elton.santos@besteweb.com.br_\2024\Janeiro
2024-01-24 19:00:30,303 - INFO - Anexo baixado do e-mail Elton Santos <jhonfernandes767@gmail.com>: 3ef8201a.png em: C:/Users/elton.santos/Desktop/Boot_Downaload\Elton Santos _jhonfernandes767@gmail.com_\2024\Janeiro
2024-01-24 19:00:30,304 - INFO - Detalhes e anexo(s) baixado(s) do e-mail Elton Santos <jhonfernandes767@gmail.com>: ['3ef8201a.png'] em: C:/Users/elton.santos/Desktop/Boot_Downaload\Elton Santos _jhonfernandes767@gmail.com_\2024\Janeiro
2024-01-24 19:00:31,250 - INFO - Anexo baixado do e-mail Elton Santos <jhonfernandes767@gmail.com>: OURO-VERDE-PARCELAMENTO (1).pdf em: C:/Users/elton.santos/Desktop/Boot_Downaload\Elton Santos _jhonfernandes767@gmail.com_\2024\Janeiro
2024-01-24 19:00:31,253 - INFO - Anexo baixado do e-mail Elton Santos <jhonfernandes767@gmail.com>: ICMS-12-2023-JAMC-SP.pdf em: C:/Users/elton.santos/Desktop/Boot_Downaload\Elton Santos _jhonfernandes767@gmail.com_\2024\Janeiro
2024-01-24 19:00:31,254 - INFO - Anexo baixado do e-mail Elton Santos <jhonfernandes767@gmail.com>: OURO-VERDE-PARCELAMENTO.pdf em: C:/Users/elton.santos/Desktop/Boot_Downaload\Elton Santos _jhonfernandes767@gmail.com_\2024\Janeiro
2024-01-24 19:00:31,254 - INFO - Detalhes e anexo(s) baixado(s) do e-mail Elton Santos <jhonfernandes767@gmail.com>: ['OURO-VERDE-PARCELAMENTO (1).pdf', 'ICMS-12-2023-JAMC-SP.pdf', 'OURO-VERDE-PARCELAMENTO.pdf'] em: C:/Users/elton.santos/Desktop/Boot_Downaload\Elton Santos _jhonfernandes767@gmail.com_\2024\Janeiro
2024-01-24 19:00:31,717 - INFO - Anexo baixado do e-mail Elton Santos <elton.santos@besteweb.com.br>: OURO-VERDE-PARCELAMENTO (1).pdf em: C:/Users/elton.santos/Desktop/Boot_Downaload\Elton Santos _elton.santos@besteweb.com.br_\2024\Janeiro
2024-01-24 19:00:31,718 - INFO - Anexo baixado do e-mail Elton Santos <elton.santos@besteweb.com.br>: OURO-VERDE-PARCELAMENTO.pdf em: C:/Users/elton.santos/Desktop/Boot_Downaload\Elton Santos _elton.santos@besteweb.com.br_\2024\Janeiro
2024-01-24 19:00:31,721 - INFO - Anexo baixado do e-mail Elton Santos <elton.santos@besteweb.com.br>: ICMS-12-2023-JAMC-SP.pdf em: C:/Users/elton.santos/Desktop/Boot_Downaload\Elton Santos _elton.santos@besteweb.com.br_\2024\Janeiro
2024-01-24 19:00:31,724 - INFO - Anexo baixado do e-mail Elton Santos <elton.santos@besteweb.com.br>: Instalao do eContinuo no Servidor.pdf em: C:/Users/elton.santos/Desktop/Boot_Downaload\Elton Santos _elton.santos@besteweb.com.br_\2024\Janeiro
2024-01-24 19:00:31,725 - INFO - Anexo baixado do e-mail Elton Santos <elton.santos@besteweb.com.br>: ISSQN_CARE_092023.pdf em: C:/Users/elton.santos/Desktop/Boot_Downaload\Elton Santos _elton.santos@besteweb.com.br_\2024\Janeiro
2024-01-24 19:00:31,725 - INFO - Detalhes e anexo(s) baixado(s) do e-mail Elton Santos <elton.santos@besteweb.com.br>: ['OURO-VERDE-PARCELAMENTO (1).pdf', 'OURO-VERDE-PARCELAMENTO.pdf', 'ICMS-12-2023-JAMC-SP.pdf', 'Instalao do eContinuo no Servidor.pdf', 'ISSQN_CARE_092023.pdf'] em: C:/Users/elton.santos/Desktop/Boot_Downaload\Elton Santos _elton.santos@besteweb.com.br_\2024\Janeiro
2024-01-24 19:04:00,569 - INFO - Anexo baixado do e-mail Elton Santos <jhonfernandes767@gmail.com>: OURO-VERDE-PARCELAMENTO (1).pdf em: C:/Users/elton.santos/Desktop/Boot_Downaload\Elton Santos _jhonfernandes767@gmail.com_\2024\Janeiro
2024-01-24 19:04:00,573 - INFO - Anexo baixado do e-mail Elton Santos <jhonfernandes767@gmail.com>: ICMS-12-2023-JAMC-SP.pdf em: C:/Users/elton.santos/Desktop/Boot_Downaload\Elton Santos _jhonfernandes767@gmail.com_\2024\Janeiro
2024-01-24 19:04:00,576 - INFO - Anexo baixado do e-mail Elton Santos <jhonfernandes767@gmail.com>: OURO-VERDE-PARCELAMENTO.pdf em: C:/Users/elton.santos/Desktop/Boot_Downaload\Elton Santos _jhonfernandes767@gmail.com_\2024\Janeiro
2024-01-24 19:04:00,576 - INFO - Detalhes e anexo(s) baixado(s) do e-mail Elton Santos <jhonfernandes767@gmail.com>: ['OURO-VERDE-PARCELAMENTO (1).pdf', 'ICMS-12-2023-JAMC-SP.pdf', 'OURO-VERDE-PARCELAMENTO.pdf'] em: C:/Users/elton.santos/Desktop/Boot_Downaload\Elton Santos _jhonfernandes767@gmail.com_\2024\Janeiro
2024-01-24 19:04:52,156 - INFO - Anexo baixado do e-mail Elton Santos <jhonfernandes767@gmail.com>: OURO-VERDE-PARCELAMENTO (1).pdf em: C:/Users/elton.santos/Desktop/Boot_Downaload\Elton Santos _jhonfernandes767@gmail.com_\2024\Janeiro
2024-01-24 19:04:52,160 - INFO - Anexo baixado do e-mail Elton Santos <jhonfernandes767@gmail.com>: ICMS-12-2023-JAMC-SP.pdf em: C:/Users/elton.santos/Desktop/Boot_Downaload\Elton Santos _jhonfernandes767@gmail.com_\2024\Janeiro
2024-01-24 19:04:52,161 - INFO - Anexo baixado do e-mail Elton Santos <jhonfernandes767@gmail.com>: OURO-VERDE-PARCELAMENTO.pdf em: C:/Users/elton.santos/Desktop/Boot_Downaload\Elton Santos _jhonfernandes767@gmail.com_\2024\Janeiro
2024-01-24 19:04:52,161 - INFO - Detalhes e anexo(s) baixado(s) do e-mail Elton Santos <jhonfernandes767@gmail.com>: ['OURO-VERDE-PARCELAMENTO (1).pdf', 'ICMS-12-2023-JAMC-SP.pdf', 'OURO-VERDE-PARCELAMENTO.pdf'] em: C:/Users/elton.santos/Desktop/Boot_Downaload\Elton Santos _jhonfernandes767@gmail.com_\2024\Janeiro
2024-01-24 19:05:21,387 - INFO - Anexo baixado do e-mail Elton Santos <jhonfernandes767@gmail.com>: 3ef8201a.png em: C:/Users/elton.santos/Desktop/Boot_Downaload\Elton Santos _jhonfernandes767@gmail.com_\2024\Janeiro
2024-01-24 19:05:21,388 - INFO - Detalhes e anexo(s) baixado(s) do e-mail Elton Santos <jhonfernandes767@gmail.com>: ['3ef8201a.png'] em: C:/Users/elton.santos/Desktop/Boot_Downaload\Elton Santos _jhonfernandes767@gmail.com_\2024\Janeiro
2024-01-24 19:05:23,285 - INFO - Anexo baixado do e-mail Elton Santos <jhonfernandes767@gmail.com>: OURO-VERDE-PARCELAMENTO (1).pdf em: C:/Users/elton.santos/Desktop/Boot_Downaload\Elton Santos _jhonfernandes767@gmail.com_\2024\Janeiro
2024-01-24 19:05:23,290 - INFO - Anexo baixado do e-mail Elton Santos <jhonfernandes767@gmail.com>: ICMS-12-2023-JAMC-SP.pdf em: C:/Users/elton.santos/Desktop/Boot_Downaload\Elton Santos _jhonfernandes767@gmail.com_\2024\Janeiro
2024-01-24 19:05:23,292 - INFO - Anexo baixado do e-mail Elton Santos <jhonfernandes767@gmail.com>: OURO-VERDE-PARCELAMENTO.pdf em: C:/Users/elton.santos/Desktop/Boot_Downaload\Elton Santos _jhonfernandes767@gmail.com_\2024\Janeiro
2024-01-24 19:05:23,292 - INFO - Detalhes e anexo(s) baixado(s) do e-mail Elton Santos <jhonfernandes767@gmail.com>: ['OURO-VERDE-PARCELAMENTO (1).pdf', 'ICMS-12-2023-JAMC-SP.pdf', 'OURO-VERDE-PARCELAMENTO.pdf'] em: C:/Users/elton.santos/Desktop/Boot_Downaload\Elton Santos _jhonfernandes767@gmail.com_\2024\Janeiro
2024-01-24 19:06:01,233 - INFO - Anexo baixado do e-mail Elton Santos <jhonfernandes767@gmail.com>: 3ef8201a.png em: C:/Users/elton.santos/Desktop/Boot_Downaload\Elton Santos _jhonfernandes767@gmail.com_\2024\Janeiro
2024-01-24 19:06:01,234 - INFO - Detalhes e anexo(s) baixado(s) do e-mail Elton Santos <jhonfernandes767@gmail.com>: ['3ef8201a.png'] em: C:/Users/elton.santos/Desktop/Boot_Downaload\Elton Santos _jhonfernandes767@gmail.com_\2024\Janeiro
2024-01-24 19:06:02,316 - INFO - Anexo baixado do e-mail Elton Santos <jhonfernandes767@gmail.com>: OURO-VERDE-PARCELAMENTO (1).pdf em: C:/Users/elton.santos/Desktop/Boot_Downaload\Elton Santos _jhonfernandes767@gmail.com_\2024\Janeiro
2024-01-24 19:06:02,320 - INFO - Anexo baixado do e-mail Elton Santos <jhonfernandes767@gmail.com>: ICMS-12-2023-JAMC-SP.pdf em: C:/Users/elton.santos/Desktop/Boot_Downaload\Elton Santos _jhonfernandes767@gmail.com_\2024\Janeiro
2024-01-24 19:06:02,322 - INFO - Anexo baixado do e-mail Elton Santos <jhonfernandes767@gmail.com>: OURO-VERDE-PARCELAMENTO.pdf em: C:/Users/elton.santos/Desktop/Boot_Downaload\Elton Santos _jhonfernandes767@gmail.com_\2024\Janeiro
2024-01-24 19:06:02,322 - INFO - Detalhes e anexo(s) baixado(s) do e-mail Elton Santos <jhonfernandes767@gmail.com>: ['OURO-VERDE-PARCELAMENTO (1).pdf', 'ICMS-12-2023-JAMC-SP.pdf', 'OURO-VERDE-PARCELAMENTO.pdf'] em: C:/Users/elton.santos/Desktop/Boot_Downaload\Elton Santos _jhonfernandes767@gmail.com_\2024\Janeiro
2024-01-24 19:06:29,300 - INFO - Anexo baixado do e-mail Elton Santos <jhonfernandes767@gmail.com>: 3ef8201a.png em: C:/Users/elton.santos/Desktop/Boot_Downaload\Elton Santos _jhonfernandes767@gmail.com_\2024\Janeiro
2024-01-24 19:06:29,300 - INFO - Detalhes e anexo(s) baixado(s) do e-mail Elton Santos <jhonfernandes767@gmail.com>: ['3ef8201a.png'] em: C:/Users/elton.santos/Desktop/Boot_Downaload\Elton Santos _jhonfernandes767@gmail.com_\2024\Janeiro
2024-01-24 19:06:30,191 - INFO - Anexo baixado do e-mail Elton Santos <jhonfernandes767@gmail.com>: OURO-VERDE-PARCELAMENTO (1).pdf em: C:/Users/elton.santos/Desktop/Boot_Downaload\Elton Santos _jhonfernandes767@gmail.com_\2024\Janeiro
2024-01-24 19:06:30,194 - INFO - Anexo baixado do e-mail Elton Santos <jhonfernandes767@gmail.com>: ICMS-12-2023-JAMC-SP.pdf em: C:/Users/elton.santos/Desktop/Boot_Downaload\Elton Santos _jhonfernandes767@gmail.com_\2024\Janeiro
2024-01-24 19:06:30,196 - INFO - Anexo baixado do e-mail Elton Santos <jhonfernandes767@gmail.com>: OURO-VERDE-PARCELAMENTO.pdf em: C:/Users/elton.santos/Desktop/Boot_Downaload\Elton Santos _jhonfernandes767@gmail.com_\2024\Janeiro
2024-01-24 19:06:30,196 - INFO - Detalhes e anexo(s) baixado(s) do e-mail Elton Santos <jhonfernandes767@gmail.com>: ['OURO-VERDE-PARCELAMENTO (1).pdf', 'ICMS-12-2023-JAMC-SP.pdf', 'OURO-VERDE-PARCELAMENTO.pdf'] em: C:/Users/elton.santos/Desktop/Boot_Downaload\Elton Santos _jhonfernandes767@gmail.com_\2024\Janeiro
2024-01-24 19:06:52,277 - INFO - Anexo baixado do e-mail Elton Santos <jhonfernandes767@gmail.com>: 3ef8201a.png em: C:/Users/elton.santos/Desktop/Boot_Downaload\Elton Santos _jhonfernandes767@gmail.com_\2024\Janeiro
2024-01-24 19:06:52,277 - INFO - Detalhes e anexo(s) baixado(s) do e-mail Elton Santos <jhonfernandes767@gmail.com>: ['3ef8201a.png'] em: C:/Users/elton.santos/Desktop/Boot_Downaload\Elton Santos _jhonfernandes767@gmail.com_\2024\Janeiro
2024-01-24 19:06:53,909 - INFO - Anexo baixado do e-mail Elton Santos <jhonfernandes767@gmail.com>: OURO-VERDE-PARCELAMENTO (1).pdf em: C:/Users/elton.santos/Desktop/Boot_Downaload\Elton Santos _jhonfernandes767@gmail.com_\2024\Janeiro
2024-01-24 19:06:53,915 - INFO - Anexo baixado do e-mail Elton Santos <jhonfernandes767@gmail.com>: ICMS-12-2023-JAMC-SP.pdf em: C:/Users/elton.santos/Desktop/Boot_Downaload\Elton Santos _jhonfernandes767@gmail.com_\2024\Janeiro
2024-01-24 19:06:53,917 - INFO - Anexo baixado do e-mail Elton Santos <jhonfernandes767@gmail.com>: OURO-VERDE-PARCELAMENTO.pdf em: C:/Users/elton.santos/Desktop/Boot_Downaload\Elton Santos _jhonfernandes767@gmail.com_\2024\Janeiro
2024-01-24 19:06:53,917 - INFO - Detalhes e anexo(s) baixado(s) do e-mail Elton Santos <jhonfernandes767@gmail.com>: ['OURO-VERDE-PARCELAMENTO (1).pdf', 'ICMS-12-2023-JAMC-SP.pdf', 'OURO-VERDE-PARCELAMENTO.pdf'] em: C:/Users/elton.santos/Desktop/Boot_Downaload\Elton Santos _jhonfernandes767@gmail.com_\2024\Janeiro
2024-01-24 19:06:55,745 - INFO - Anexo baixado do e-mail Elton Santos <elton.santos@besteweb.com.br>: OURO-VERDE-PARCELAMENTO (1).pdf em: C:/Users/elton.santos/Desktop/Boot_Downaload\Elton Santos _elton.santos@besteweb.com.br_\2024\Janeiro
2024-01-24 19:06:55,748 - INFO - Anexo baixado do e-mail Elton Santos <elton.santos@besteweb.com.br>: OURO-VERDE-PARCELAMENTO.pdf em: C:/Users/elton.santos/Desktop/Boot_Downaload\Elton Santos _elton.santos@besteweb.com.br_\2024\Janeiro
2024-01-24 19:06:55,751 - INFO - Anexo baixado do e-mail Elton Santos <elton.santos@besteweb.com.br>: ICMS-12-2023-JAMC-SP.pdf em: C:/Users/elton.santos/Desktop/Boot_Downaload\Elton Santos _elton.santos@besteweb.com.br_\2024\Janeiro
2024-01-24 19:06:55,756 - INFO - Anexo baixado do e-mail Elton Santos <elton.santos@besteweb.com.br>: Instalao do eContinuo no Servidor.pdf em: C:/Users/elton.santos/Desktop/Boot_Downaload\Elton Santos _elton.santos@besteweb.com.br_\2024\Janeiro
2024-01-24 19:06:55,757 - INFO - Anexo baixado do e-mail Elton Santos <elton.santos@besteweb.com.br>: ISSQN_CARE_092023.pdf em: C:/Users/elton.santos/Desktop/Boot_Downaload\Elton Santos _elton.santos@besteweb.com.br_\2024\Janeiro
2024-01-24 19:06:55,757 - INFO - Detalhes e anexo(s) baixado(s) do e-mail Elton Santos <elton.santos@besteweb.com.br>: ['OURO-VERDE-PARCELAMENTO (1).pdf', 'OURO-VERDE-PARCELAMENTO.pdf', 'ICMS-12-2023-JAMC-SP.pdf', 'Instalao do eContinuo no Servidor.pdf', 'ISSQN_CARE_092023.pdf'] em: C:/Users/elton.santos/Desktop/Boot_Downaload\Elton Santos _elton.santos@besteweb.com.br_\2024\Janeiro
2024-01-24 19:08:41,792 - INFO - Anexo baixado do e-mail Elton Santos <jhonfernandes767@gmail.com>: 3ef8201a.png em: C:/Users/elton.santos/Desktop/Boot_Downaload\Elton Santos _jhonfernandes767@gmail.com_\2024\Janeiro
2024-01-24 19:08:41,792 - INFO - Detalhes e anexo(s) baixado(s) do e-mail Elton Santos <jhonfernandes767@gmail.com>: ['3ef8201a.png'] em: C:/Users/elton.santos/Desktop/Boot_Downaload\Elton Santos _jhonfernandes767@gmail.com_\2024\Janeiro
2024-01-24 19:08:42,867 - INFO - Anexo baixado do e-mail Elton Santos <jhonfernandes767@gmail.com>: OURO-VERDE-PARCELAMENTO (1).pdf em: C:/Users/elton.santos/Desktop/Boot_Downaload\Elton Santos _jhonfernandes767@gmail.com_\2024\Janeiro
2024-01-24 19:08:42,871 - INFO - Anexo baixado do e-mail Elton Santos <jhonfernandes767@gmail.com>: ICMS-12-2023-JAMC-SP.pdf em: C:/Users/elton.santos/Desktop/Boot_Downaload\Elton Santos _jhonfernandes767@gmail.com_\2024\Janeiro
2024-01-24 19:08:42,874 - INFO - Anexo baixado do e-mail Elton Santos <jhonfernandes767@gmail.com>: OURO-VERDE-PARCELAMENTO.pdf em: C:/Users/elton.santos/Desktop/Boot_Downaload\Elton Santos _jhonfernandes767@gmail.com_\2024\Janeiro
2024-01-24 19:08:42,874 - INFO - Detalhes e anexo(s) baixado(s) do e-mail Elton Santos <jhonfernandes767@gmail.com>: ['OURO-VERDE-PARCELAMENTO (1).pdf', 'ICMS-12-2023-JAMC-SP.pdf', 'OURO-VERDE-PARCELAMENTO.pdf'] em: C:/Users/elton.santos/Desktop/Boot_Downaload\Elton Santos _jhonfernandes767@gmail.com_\2024\Janeiro
2024-01-24 19:08:43,392 - INFO - Anexo baixado do e-mail Elton Santos <elton.santos@besteweb.com.br>: OURO-VERDE-PARCELAMENTO (1).pdf em: C:/Users/elton.santos/Desktop/Boot_Downaload\Elton Santos _elton.santos@besteweb.com.br_\2024\Janeiro
2024-01-24 19:08:43,394 - INFO - Anexo baixado do e-mail Elton Santos <elton.santos@besteweb.com.br>: OURO-VERDE-PARCELAMENTO.pdf em: C:/Users/elton.santos/Desktop/Boot_Downaload\Elton Santos _elton.santos@besteweb.com.br_\2024\Janeiro
2024-01-24 19:08:43,399 - INFO - Anexo baixado do e-mail Elton Santos <elton.santos@besteweb.com.br>: ICMS-12-2023-JAMC-SP.pdf em: C:/Users/elton.santos/Desktop/Boot_Downaload\Elton Santos _elton.santos@besteweb.com.br_\2024\Janeiro
2024-01-24 19:08:43,404 - INFO - Anexo baixado do e-mail Elton Santos <elton.santos@besteweb.com.br>: Instalao do eContinuo no Servidor.pdf em: C:/Users/elton.santos/Desktop/Boot_Downaload\Elton Santos _elton.santos@besteweb.com.br_\2024\Janeiro
2024-01-24 19:08:43,406 - INFO - Anexo baixado do e-mail Elton Santos <elton.santos@besteweb.com.br>: ISSQN_CARE_092023.pdf em: C:/Users/elton.santos/Desktop/Boot_Downaload\Elton Santos _elton.santos@besteweb.com.br_\2024\Janeiro
2024-01-24 19:08:43,406 - INFO - Detalhes e anexo(s) baixado(s) do e-mail Elton Santos <elton.santos@besteweb.com.br>: ['OURO-VERDE-PARCELAMENTO (1).pdf', 'OURO-VERDE-PARCELAMENTO.pdf', 'ICMS-12-2023-JAMC-SP.pdf', 'Instalao do eContinuo no Servidor.pdf', 'ISSQN_CARE_092023.pdf'] em: C:/Users/elton.santos/Desktop/Boot_Downaload\Elton Santos _elton.santos@besteweb.com.br_\2024\Janeiro
2024-01-24 19:09:04,945 - INFO - Anexo baixado do e-mail Elton Santos <jhonfernandes767@gmail.com>: 3ef8201a.png em: C:/Users/elton.santos/Desktop/Boot_Downaload\Elton Santos _jhonfernandes767@gmail.com_\2024\Janeiro
2024-01-24 19:09:04,945 - INFO - Detalhes e anexo(s) baixado(s) do e-mail Elton Santos <jhonfernandes767@gmail.com>: ['3ef8201a.png'] em: C:/Users/elton.santos/Desktop/Boot_Downaload\Elton Santos _jhonfernandes767@gmail.com_\2024\Janeiro
2024-01-24 19:09:06,990 - INFO - Anexo baixado do e-mail Elton Santos <jhonfernandes767@gmail.com>: OURO-VERDE-PARCELAMENTO (1).pdf em: C:/Users/elton.santos/Desktop/Boot_Downaload\Elton Santos _jhonfernandes767@gmail.com_\2024\Janeiro
2024-01-24 19:09:06,993 - INFO - Anexo baixado do e-mail Elton Santos <jhonfernandes767@gmail.com>: ICMS-12-2023-JAMC-SP.pdf em: C:/Users/elton.santos/Desktop/Boot_Downaload\Elton Santos _jhonfernandes767@gmail.com_\2024\Janeiro
2024-01-24 19:09:06,995 - INFO - Anexo baixado do e-mail Elton Santos <jhonfernandes767@gmail.com>: OURO-VERDE-PARCELAMENTO.pdf em: C:/Users/elton.santos/Desktop/Boot_Downaload\Elton Santos _jhonfernandes767@gmail.com_\2024\Janeiro
2024-01-24 19:09:06,995 - INFO - Detalhes e anexo(s) baixado(s) do e-mail Elton Santos <jhonfernandes767@gmail.com>: ['OURO-VERDE-PARCELAMENTO (1).pdf', 'ICMS-12-2023-JAMC-SP.pdf', 'OURO-VERDE-PARCELAMENTO.pdf'] em: C:/Users/elton.santos/Desktop/Boot_Downaload\Elton Santos _jhonfernandes767@gmail.com_\2024\Janeiro
2024-01-24 19:09:09,103 - INFO - Anexo baixado do e-mail Elton Santos <elton.santos@besteweb.com.br>: OURO-VERDE-PARCELAMENTO (1).pdf em: C:/Users/elton.santos/Desktop/Boot_Downaload\Elton Santos _elton.santos@besteweb.com.br_\2024\Janeiro
2024-01-24 19:09:09,104 - INFO - Anexo baixado do e-mail Elton Santos <elton.santos@besteweb.com.br>: OURO-VERDE-PARCELAMENTO.pdf em: C:/Users/elton.santos/Desktop/Boot_Downaload\Elton Santos _elton.santos@besteweb.com.br_\2024\Janeiro
2024-01-24 19:09:09,107 - INFO - Anexo baixado do e-mail Elton Santos <elton.santos@besteweb.com.br>: ICMS-12-2023-JAMC-SP.pdf em: C:/Users/elton.santos/Desktop/Boot_Downaload\Elton Santos _elton.santos@besteweb.com.br_\2024\Janeiro
2024-01-24 19:09:09,110 - INFO - Anexo baixado do e-mail Elton Santos <elton.santos@besteweb.com.br>: Instalao do eContinuo no Servidor.pdf em: C:/Users/elton.santos/Desktop/Boot_Downaload\Elton Santos _elton.santos@besteweb.com.br_\2024\Janeiro
2024-01-24 19:09:09,111 - INFO - Anexo baixado do e-mail Elton Santos <elton.santos@besteweb.com.br>: ISSQN_CARE_092023.pdf em: C:/Users/elton.santos/Desktop/Boot_Downaload\Elton Santos _elton.santos@besteweb.com.br_\2024\Janeiro
2024-01-24 19:09:09,112 - INFO - Detalhes e anexo(s) baixado(s) do e-mail Elton Santos <elton.santos@besteweb.com.br>: ['OURO-VERDE-PARCELAMENTO (1).pdf', 'OURO-VERDE-PARCELAMENTO.pdf', 'ICMS-12-2023-JAMC-SP.pdf', 'Instalao do eContinuo no Servidor.pdf', 'ISSQN_CARE_092023.pdf'] em: C:/Users/elton.santos/Desktop/Boot_Downaload\Elton Santos _elton.santos@besteweb.com.br_\2024\Janeiro
2024-01-24 19:09:41,779 - INFO - Anexo baixado do e-mail Elton Santos <jhonfernandes767@gmail.com>: 3ef8201a.png em: C:/Users/elton.santos/Desktop/Boot_Downaload\Elton Santos _jhonfernandes767@gmail.com_\2024\Janeiro
2024-01-24 19:09:41,779 - INFO - Detalhes e anexo(s) baixado(s) do e-mail Elton Santos <jhonfernandes767@gmail.com>: ['3ef8201a.png'] em: C:/Users/elton.santos/Desktop/Boot_Downaload\Elton Santos _jhonfernandes767@gmail.com_\2024\Janeiro
2024-01-24 19:09:42,861 - INFO - Anexo baixado do e-mail Elton Santos <jhonfernandes767@gmail.com>: OURO-VERDE-PARCELAMENTO (1).pdf em: C:/Users/elton.santos/Desktop/Boot_Downaload\Elton Santos _jhonfernandes767@gmail.com_\2024\Janeiro
2024-01-24 19:09:42,866 - INFO - Anexo baixado do e-mail Elton Santos <jhonfernandes767@gmail.com>: ICMS-12-2023-JAMC-SP.pdf em: C:/Users/elton.santos/Desktop/Boot_Downaload\Elton Santos _jhonfernandes767@gmail.com_\2024\Janeiro
2024-01-24 19:09:42,867 - INFO - Anexo baixado do e-mail Elton Santos <jhonfernandes767@gmail.com>: OURO-VERDE-PARCELAMENTO.pdf em: C:/Users/elton.santos/Desktop/Boot_Downaload\Elton Santos _jhonfernandes767@gmail.com_\2024\Janeiro
2024-01-24 19:09:42,869 - INFO - Detalhes e anexo(s) baixado(s) do e-mail Elton Santos <jhonfernandes767@gmail.com>: ['OURO-VERDE-PARCELAMENTO (1).pdf', 'ICMS-12-2023-JAMC-SP.pdf', 'OURO-VERDE-PARCELAMENTO.pdf'] em: C:/Users/elton.santos/Desktop/Boot_Downaload\Elton Santos _jhonfernandes767@gmail.com_\2024\Janeiro
2024-01-24 19:09:43,365 - INFO - Anexo baixado do e-mail Elton Santos <elton.santos@besteweb.com.br>: OURO-VERDE-PARCELAMENTO (1).pdf em: C:/Users/elton.santos/Desktop/Boot_Downaload\Elton Santos _elton.santos@besteweb.com.br_\2024\Janeiro
2024-01-24 19:09:43,367 - INFO - Anexo baixado do e-mail Elton Santos <elton.santos@besteweb.com.br>: OURO-VERDE-PARCELAMENTO.pdf em: C:/Users/elton.santos/Desktop/Boot_Downaload\Elton Santos _elton.santos@besteweb.com.br_\2024\Janeiro
2024-01-24 19:09:43,371 - INFO - Anexo baixado do e-mail Elton Santos <elton.santos@besteweb.com.br>: ICMS-12-2023-JAMC-SP.pdf em: C:/Users/elton.santos/Desktop/Boot_Downaload\Elton Santos _elton.santos@besteweb.com.br_\2024\Janeiro
2024-01-24 19:09:43,374 - INFO - Anexo baixado do e-mail Elton Santos <elton.santos@besteweb.com.br>: Instalao do eContinuo no Servidor.pdf em: C:/Users/elton.santos/Desktop/Boot_Downaload\Elton Santos _elton.santos@besteweb.com.br_\2024\Janeiro
2024-01-24 19:09:43,375 - INFO - Anexo baixado do e-mail Elton Santos <elton.santos@besteweb.com.br>: ISSQN_CARE_092023.pdf em: C:/Users/elton.santos/Desktop/Boot_Downaload\Elton Santos _elton.santos@besteweb.com.br_\2024\Janeiro
2024-01-24 19:09:43,375 - INFO - Detalhes e anexo(s) baixado(s) do e-mail Elton Santos <elton.santos@besteweb.com.br>: ['OURO-VERDE-PARCELAMENTO (1).pdf', 'OURO-VERDE-PARCELAMENTO.pdf', 'ICMS-12-2023-JAMC-SP.pdf', 'Instalao do eContinuo no Servidor.pdf', 'ISSQN_CARE_092023.pdf'] em: C:/Users/elton.santos/Desktop/Boot_Downaload\Elton Santos _elton.santos@besteweb.com.br_\2024\Janeiro
